<?xml version="1.0" encoding="utf-8"?><testsuites name="pytest tests"><testsuite name="pytest" errors="0" failures="0" skipped="0" tests="7" time="1.896" timestamp="2026-06-23T19:14:56.430974+00:00" hostname="agent-env-342c6482-28f2-4ac5-9cb8-c7f91dd42d9d"><testcase classname="backend.tests.test_admin_message_user" name="test_is_real_email_unit" time="0.061" /><testcase classname="backend.tests.test_admin_message_user" name="test_message_user_unauthenticated" time="0.221" /><testcase classname="backend.tests.test_admin_message_user" name="test_message_user_non_admin_forbidden" time="0.982" /><testcase classname="backend.tests.test_admin_message_user" name="test_message_user_not_found" time="0.160" /><testcase classname="backend.tests.test_admin_message_user" name="test_message_user_empty_subject" time="0.152" /><testcase classname="backend.tests.test_admin_message_user" name="test_message_user_empty_body" time="0.108" /><testcase classname="backend.tests.test_admin_message_user" name="test_message_user_placeholder_email_rejected" time="0.182" /></testsuite></testsuites>