<?xml version="1.0" encoding="utf-8"?><testsuites name="pytest tests"><testsuite name="pytest" errors="0" failures="0" skipped="0" tests="7" time="15.706" timestamp="2026-07-30T16:40:29.800125+00:00" hostname="agent-env-342c6482-28f2-4ac5-9cb8-c7f91dd42d9d"><testcase classname="tests.test_iter65_open_pool_wallet.TestAvailableOrdersPool" name="test_approved_driver_gets_pool" time="0.838" /><testcase classname="tests.test_iter65_open_pool_wallet.TestAvailableOrdersPool" name="test_customer_not_a_driver_gets_404" time="0.687" /><testcase classname="tests.test_iter65_open_pool_wallet.TestAcceptDriver" name="test_accept_wrong_driver_id_403" time="0.730" /><testcase classname="tests.test_iter65_open_pool_wallet.TestAcceptDriver" name="test_accept_and_double_accept" time="0.475" /><testcase classname="tests.test_iter65_open_pool_wallet.TestOrderBroadcast" name="test_new_order_appears_in_pool_or_ws" time="10.235" /><testcase classname="tests.test_iter65_open_pool_wallet.TestWalletDepositProof" name="test_bank_deposit_with_proof_then_admin_approves" time="2.230" /><testcase classname="tests.test_iter65_open_pool_wallet.TestPayPalWithdrawalCreationOnly" name="test_paypal_withdraw_request_created_and_listed" time="0.477" /></testsuite></testsuites>