<?xml version="1.0" encoding="utf-8"?><testsuites name="pytest tests"><testsuite name="pytest" errors="0" failures="0" skipped="0" tests="2" time="2.650" timestamp="2026-07-26T11:19:41.306875+00:00" hostname="agent-env-342c6482-28f2-4ac5-9cb8-c7f91dd42d9d"><testcase classname="backend.tests.test_iter59_merge_deact_delete_pytest" name="test_merge_deactivate_delete_full_flow" time="2.102" /><testcase classname="backend.tests.test_iter59_merge_deact_delete_pytest" name="test_owner_cannot_be_merged" time="0.387" /></testsuite></testsuites>