<?xml version="1.0" encoding="utf-8"?><testsuites name="pytest tests"><testsuite name="pytest" errors="0" failures="0" skipped="0" tests="5" time="1.847" timestamp="2026-06-30T02:41:32.179053+00:00" hostname="agent-env-342c6482-28f2-4ac5-9cb8-c7f91dd42d9d"><testcase classname="backend.tests.test_checkout_flow_iter31" name="test_register_customer" time="0.516" /><testcase classname="backend.tests.test_checkout_flow_iter31" name="test_create_food_order_returns_id" time="0.353" /><testcase classname="backend.tests.test_checkout_flow_iter31" name="test_create_grocery_order_returns_id" time="0.106" /><testcase classname="backend.tests.test_checkout_flow_iter31" name="test_create_order_requires_auth" time="0.108" /><testcase classname="backend.tests.test_checkout_flow_iter31" name="test_confirm_cod_marks_paid" time="0.741" /></testsuite></testsuites>