<?xml version="1.0" encoding="utf-8"?><testsuites name="pytest tests"><testsuite name="pytest" errors="0" failures="0" skipped="0" tests="11" time="8.199" timestamp="2026-07-13T12:56:39.544773+00:00" hostname="agent-env-342c6482-28f2-4ac5-9cb8-c7f91dd42d9d"><testcase classname="backend.tests.test_iter38_pregolive" name="test_driver_status_online_json_body" time="2.502" /><testcase classname="backend.tests.test_iter38_pregolive" name="test_driver_status_offline_json_body" time="0.111" /><testcase classname="backend.tests.test_iter38_pregolive" name="test_driver_status_invalid" time="1.258" /><testcase classname="backend.tests.test_iter38_pregolive" name="test_drivers_me_returns_real_data" time="0.100" /><testcase classname="backend.tests.test_iter38_pregolive" name="test_driver_wallet_returns_real_data" time="0.107" /><testcase classname="backend.tests.test_iter38_pregolive" name="test_order_created_with_3_dollar_service_fee" time="0.722" /><testcase classname="backend.tests.test_iter38_pregolive" name="test_merchant_storefront_200" time="0.930" /><testcase classname="backend.tests.test_iter38_pregolive" name="test_merchant_add_first_product" time="1.336" /><testcase classname="backend.tests.test_iter38_pregolive" name="test_approved_merchant_self_heal" time="0.512" /><testcase classname="backend.tests.test_iter38_pregolive" name="test_link_provision_forbidden_for_non_admin" time="0.115" /><testcase classname="backend.tests.test_iter38_pregolive" name="test_link_provision_happy_path" time="0.462" /></testsuite></testsuites>