<?xml version="1.0" encoding="utf-8"?><testsuites name="pytest tests"><testsuite name="pytest" errors="0" failures="0" skipped="0" tests="11" time="3.616" timestamp="2026-07-26T09:42:31.343645+00:00" hostname="agent-env-342c6482-28f2-4ac5-9cb8-c7f91dd42d9d"><testcase classname="backend.tests.test_iter58_admin_manage_edit" name="test_manage_get_merchant" time="0.722" /><testcase classname="backend.tests.test_iter58_admin_manage_edit" name="test_manage_get_driver" time="0.213" /><testcase classname="backend.tests.test_iter58_admin_manage_edit" name="test_manage_get_404" time="0.101" /><testcase classname="backend.tests.test_iter58_admin_manage_edit" name="test_update_account_persists" time="0.384" /><testcase classname="backend.tests.test_iter58_admin_manage_edit" name="test_update_merchant_profile_persists" time="0.340" /><testcase classname="backend.tests.test_iter58_admin_manage_edit" name="test_update_merchant_storefront_image" time="0.331" /><testcase classname="backend.tests.test_iter58_admin_manage_edit" name="test_update_driver_profile_persists" time="0.304" /><testcase classname="backend.tests.test_iter58_admin_manage_edit" name="test_impersonate_readonly_flag" time="0.099" /><testcase classname="backend.tests.test_iter58_admin_manage_edit" name="test_impersonate_edit_flag" time="0.103" /><testcase classname="backend.tests.test_iter58_admin_manage_edit" name="test_impersonate_edit_write_allowed_readonly_blocked" time="0.398" /><testcase classname="backend.tests.test_iter58_admin_manage_edit" name="test_manage_requires_admin" time="0.582" /></testsuite></testsuites>