<?xml version="1.0" encoding="utf-8"?><testsuites name="pytest tests"><testsuite name="pytest" errors="0" failures="0" skipped="1" tests="13" time="2.693" timestamp="2026-07-10T13:20:23.975949+00:00" hostname="agent-env-342c6482-28f2-4ac5-9cb8-c7f91dd42d9d"><testcase classname="backend.tests.test_iter34_business_search.TestSearchFeatured" name="test_no_category_returns_mixed" time="0.237" /><testcase classname="backend.tests.test_iter34_business_search.TestSearchFeatured" name="test_category_filter[restaurant]" time="0.162" /><testcase classname="backend.tests.test_iter34_business_search.TestSearchFeatured" name="test_category_filter[pharmacy]" time="0.151" /><testcase classname="backend.tests.test_iter34_business_search.TestSearchFeatured" name="test_category_filter[grocery]" time="0.159" /><testcase classname="backend.tests.test_iter34_business_search.TestSearchFeatured" name="test_restaurants_sorted_featured_first" time="0.101" /><testcase classname="backend.tests.test_iter34_business_search.TestDriversOnlineCount" name="test_returns_online_int" time="0.096" /><testcase classname="backend.tests.test_iter34_business_search.TestPublicTrack" name="test_unknown_order_returns_404" time="0.107" /><testcase classname="backend.tests.test_iter34_business_search.TestPublicTrack" name="test_no_auth_required" time="0.122" /><testcase classname="backend.tests.test_iter34_business_search.TestPublicTrack" name="test_valid_order_returns_safe_fields" time="0.577"><skipped type="pytest.skip" message="no menu items">/app/backend/tests/test_iter34_business_search.py:111: no menu items</skipped></testcase><testcase classname="backend.tests.test_iter34_business_search.TestAdminRecordsDocSummary" name="test_each_record_has_doc_summary[restaurants]" time="0.491" /><testcase classname="backend.tests.test_iter34_business_search.TestAdminRecordsDocSummary" name="test_each_record_has_doc_summary[drivers]" time="0.141" /><testcase classname="backend.tests.test_iter34_business_search.TestAdminRecordsDocSummary" name="test_each_record_has_doc_summary[car_rentals]" time="0.143" /><testcase classname="backend.tests.test_iter34_business_search.TestAdminRecordsDocSummary" name="test_each_record_has_doc_summary[businesses]" time="0.180" /></testsuite></testsuites>