<?xml version="1.0" encoding="utf-8"?><testsuites name="pytest tests"><testsuite name="pytest" errors="0" failures="0" skipped="0" tests="8" time="6.186" timestamp="2026-07-25T04:48:14.172635+00:00" hostname="agent-env-342c6482-28f2-4ac5-9cb8-c7f91dd42d9d"><testcase classname="backend.tests.test_merchant_new_order_alert_iter46" name="test_my_orders_restaurant_empty_returns_200" time="0.948" /><testcase classname="backend.tests.test_merchant_new_order_alert_iter46" name="test_my_orders_business_empty_returns_200" time="0.797" /><testcase classname="backend.tests.test_merchant_new_order_alert_iter46" name="test_business_merchant_sees_order_placed_by_customer" time="1.584" /><testcase classname="backend.tests.test_merchant_new_order_alert_iter46" name="test_restaurant_merchant_sees_order_placed_by_customer" time="1.208" /><testcase classname="backend.tests.test_merchant_new_order_alert_iter46" name="test_vendor_stats_business_reflects_orders" time="0.101" /><testcase classname="backend.tests.test_merchant_new_order_alert_iter46" name="test_vendor_stats_restaurant_reflects_orders" time="0.114" /><testcase classname="backend.tests.test_merchant_new_order_alert_iter46" name="test_merchant_new_order_alert_channel_is_sms" time="0.620" /><testcase classname="backend.tests.test_merchant_new_order_alert_iter46" name="test_seeded_alert_test_mart_endpoints" time="0.714" /></testsuite></testsuites>