<?xml version="1.0" encoding="utf-8"?><testsuites name="pytest tests"><testsuite name="pytest" errors="0" failures="0" skipped="1" tests="9" time="5.572" timestamp="2026-07-13T17:26:20.304179+00:00" hostname="agent-env-342c6482-28f2-4ac5-9cb8-c7f91dd42d9d"><testcase classname="backend.tests.test_iter40_business_type.TestDriverBankingNull" name="test_driver_has_null_banking_info" time="1.446" /><testcase classname="backend.tests.test_iter40_business_type.TestDriverBankingNull" name="test_put_vehicle_returns_driver_with_null_banking" time="0.132" /><testcase classname="backend.tests.test_iter40_business_type.TestDriverBankingNull" name="test_then_save_banking_ok" time="0.222" /><testcase classname="backend.tests.test_iter40_business_type.TestPasswordLength" name="test_backend_rejects_lt8" time="0.605" /><testcase classname="backend.tests.test_iter40_business_type.TestRestaurantMerchant" name="test_products_endpoint_returns_vendor_type_restaurant" time="0.957" /><testcase classname="backend.tests.test_iter40_business_type.TestRestaurantMerchant" name="test_add_product_with_menu_category" time="0.235" /><testcase classname="backend.tests.test_iter40_business_type.TestGroceryMerchant" name="test_products_endpoint_returns_vendor_type_grocery" time="0.986" /><testcase classname="backend.tests.test_iter40_business_type.TestGroceryMerchant" name="test_add_grocery_item" time="0.533" /><testcase classname="backend.tests.test_iter40_business_type.TestPublicStorefront" name="test_grocery_storefront_exposes_vendor_type" time="0.353"><skipped type="pytest.skip" message="no public storefront endpoint found; frontend uses a different path">/app/backend/tests/test_iter40_business_type.py:212: no public storefront endpoint found; frontend uses a different path</skipped></testcase></testsuite></testsuites>