<?xml version="1.0" encoding="utf-8"?><testsuites name="pytest tests"><testsuite name="pytest" errors="0" failures="0" skipped="0" tests="17" time="6.006" timestamp="2026-07-21T21:25:38.209446+00:00" hostname="agent-env-342c6482-28f2-4ac5-9cb8-c7f91dd42d9d"><testcase classname="backend.tests.test_iter43_cookie_auth.TestLoginCookie" name="test_login_sets_cookie_and_returns_token" time="0.403" /><testcase classname="backend.tests.test_iter43_cookie_auth.TestLoginCookie" name="test_me_via_cookie_only" time="0.048" /><testcase classname="backend.tests.test_iter43_cookie_auth.TestLoginCookie" name="test_placeholder_bearer_falls_through_to_cookie[cookie]" time="0.048" /><testcase classname="backend.tests.test_iter43_cookie_auth.TestLoginCookie" name="test_placeholder_bearer_falls_through_to_cookie[null]" time="0.052" /><testcase classname="backend.tests.test_iter43_cookie_auth.TestLoginCookie" name="test_placeholder_bearer_falls_through_to_cookie[undefined]" time="0.054" /><testcase classname="backend.tests.test_iter43_cookie_auth.TestLoginCookie" name="test_placeholder_bearer_falls_through_to_cookie[]" time="0.049" /><testcase classname="backend.tests.test_iter43_cookie_auth.TestLoginCookie" name="test_placeholder_bearer_falls_through_to_cookie[bearer]" time="0.051" /><testcase classname="backend.tests.test_iter43_cookie_auth.TestBearerNoCookie" name="test_real_bearer_authenticates_without_cookie" time="0.125" /><testcase classname="backend.tests.test_iter43_cookie_auth.TestBearerNoCookie" name="test_no_auth_at_all_returns_401" time="0.113" /><testcase classname="backend.tests.test_iter43_cookie_auth.TestLogout" name="test_logout_clears_cookie_and_invalidates_me" time="0.491" /><testcase classname="backend.tests.test_iter43_cookie_auth.TestRegister" name="test_register_sets_cookie_and_creates_customer" time="0.433" /><testcase classname="backend.tests.test_iter43_cookie_auth.TestCustomerFlows" name="test_list_businesses" time="0.384" /><testcase classname="backend.tests.test_iter43_cookie_auth.TestCustomerFlows" name="test_addresses_get_and_post" time="0.535" /><testcase classname="backend.tests.test_iter43_cookie_auth.TestMerchantFlow" name="test_merchant_profile_via_cookie" time="0.780" /><testcase classname="backend.tests.test_iter43_cookie_auth.TestDriverFlow" name="test_driver_status_and_profile_via_cookie" time="1.196" /><testcase classname="backend.tests.test_iter43_cookie_auth.TestImpersonation" name="test_admin_impersonate_sets_cookie" time="0.835" /><testcase classname="backend.tests.test_iter43_cookie_auth.TestCookieFlags" name="test_cookie_is_httponly_secure_lax" time="0.351" /></testsuite></testsuites>