<?xml version="1.0" encoding="utf-8"?><testsuites name="pytest tests"><testsuite name="pytest" errors="0" failures="0" skipped="0" tests="11" time="3.278" timestamp="2026-07-06T02:28:07.123583+00:00" hostname="agent-env-342c6482-28f2-4ac5-9cb8-c7f91dd42d9d"><testcase classname="backend.tests.test_user_status_iter33.TestUserTypeFilter" name="test_all" time="0.485" /><testcase classname="backend.tests.test_user_status_iter33.TestUserTypeFilter" name="test_customer_only" time="0.104" /><testcase classname="backend.tests.test_user_status_iter33.TestUserTypeFilter" name="test_driver_only" time="0.101" /><testcase classname="backend.tests.test_user_status_iter33.TestUserTypeFilter" name="test_merchant_filter" time="0.092" /><testcase classname="backend.tests.test_user_status_iter33.TestAuthGate" name="test_paused_blocks_login" time="0.789" /><testcase classname="backend.tests.test_user_status_iter33.TestAuthGate" name="test_restricted_blocks_login" time="0.433" /><testcase classname="backend.tests.test_user_status_iter33.TestAuthGate" name="test_active_restores_login" time="0.444" /><testcase classname="backend.tests.test_user_status_iter33.TestAuthGate" name="test_authenticated_api_blocked_when_paused" time="0.322" /><testcase classname="backend.tests.test_user_status_iter33.TestSelfProtection" name="test_cannot_pause_self" time="0.202" /><testcase classname="backend.tests.test_user_status_iter33.TestSelfProtection" name="test_invalid_status" time="0.104" /><testcase classname="backend.tests.test_user_status_iter33.TestSelfProtection" name="test_non_admin_forbidden" time="0.173" /></testsuite></testsuites>