<?xml version="1.0" encoding="utf-8"?><testsuites name="pytest tests"><testsuite name="pytest" errors="0" failures="0" skipped="0" tests="12" time="7.073" timestamp="2026-07-10T19:15:12.766464+00:00" hostname="agent-env-342c6482-28f2-4ac5-9cb8-c7f91dd42d9d"><testcase classname="backend.tests.test_iter35_merchant_products_gps" name="test_get_products_empty" time="3.080" /><testcase classname="backend.tests.test_iter35_merchant_products_gps" name="test_add_product_success" time="0.242" /><testcase classname="backend.tests.test_iter35_merchant_products_gps" name="test_add_product_missing_name" time="0.111" /><testcase classname="backend.tests.test_iter35_merchant_products_gps" name="test_add_product_bad_price" time="0.109" /><testcase classname="backend.tests.test_iter35_merchant_products_gps" name="test_add_product_negative_price" time="0.105" /><testcase classname="backend.tests.test_iter35_merchant_products_gps" name="test_update_product" time="0.290" /><testcase classname="backend.tests.test_iter35_merchant_products_gps" name="test_cross_merchant_cannot_edit" time="1.914" /><testcase classname="backend.tests.test_iter35_merchant_products_gps" name="test_public_storefront_shows_product" time="0.121" /><testcase classname="backend.tests.test_iter35_merchant_products_gps" name="test_delete_product" time="0.234" /><testcase classname="backend.tests.test_iter35_merchant_products_gps" name="test_non_merchant_customer_gets_404" time="0.482" /><testcase classname="backend.tests.test_iter35_merchant_products_gps" name="test_driver_location_query_params" time="0.172" /><testcase classname="backend.tests.test_iter35_merchant_products_gps" name="test_driver_location_json_body_rejected" time="0.192" /></testsuite></testsuites>