<?xml version="1.0" encoding="utf-8"?><testsuites name="pytest tests"><testsuite name="pytest" errors="0" failures="0" skipped="0" tests="14" time="3.122" timestamp="2026-07-04T02:41:15.326315+00:00" hostname="agent-env-342c6482-28f2-4ac5-9cb8-c7f91dd42d9d"><testcase classname="backend.tests.test_admin_approvals_iter32" name="test_records_requires_auth" time="0.144" /><testcase classname="backend.tests.test_admin_approvals_iter32" name="test_records_forbidden_for_customer" time="0.838" /><testcase classname="backend.tests.test_admin_approvals_iter32" name="test_promo_rewards_requires_auth" time="0.106" /><testcase classname="backend.tests.test_admin_approvals_iter32" name="test_records_category_ok[restaurants]" time="0.468" /><testcase classname="backend.tests.test_admin_approvals_iter32" name="test_records_category_ok[drivers]" time="0.132" /><testcase classname="backend.tests.test_admin_approvals_iter32" name="test_records_category_ok[car_rentals]" time="0.112" /><testcase classname="backend.tests.test_admin_approvals_iter32" name="test_records_category_ok[businesses]" time="0.104" /><testcase classname="backend.tests.test_admin_approvals_iter32" name="test_records_category_ok[users]" time="0.107" /><testcase classname="backend.tests.test_admin_approvals_iter32" name="test_records_unknown_category" time="0.112" /><testcase classname="backend.tests.test_admin_approvals_iter32" name="test_users_category_scrubs_sensitive_fields" time="0.115" /><testcase classname="backend.tests.test_admin_approvals_iter32" name="test_orders_for_a_record" time="0.221" /><testcase classname="backend.tests.test_admin_approvals_iter32" name="test_orders_for_car_rental_returns_rental_type" time="0.223" /><testcase classname="backend.tests.test_admin_approvals_iter32" name="test_orders_endpoint_requires_admin" time="0.222" /><testcase classname="backend.tests.test_admin_approvals_iter32" name="test_promo_rewards_admin" time="0.185" /></testsuite></testsuites>