<?xml version="1.0" encoding="utf-8"?><testsuites name="pytest tests"><testsuite name="pytest" errors="0" failures="0" skipped="0" tests="15" time="7.270" timestamp="2026-07-13T17:05:30.052547+00:00" hostname="agent-env-342c6482-28f2-4ac5-9cb8-c7f91dd42d9d"><testcase classname="backend.tests.test_settings_e2e_iter39.TestMerchantSettings" name="test_auth_me_returns_user" time="1.116" /><testcase classname="backend.tests.test_settings_e2e_iter39.TestMerchantSettings" name="test_get_merchant_profile_prefilled" time="0.111" /><testcase classname="backend.tests.test_settings_e2e_iter39.TestMerchantSettings" name="test_update_users_me_account" time="0.235" /><testcase classname="backend.tests.test_settings_e2e_iter39.TestMerchantSettings" name="test_update_merchant_profile_fix_misspelling" time="0.245" /><testcase classname="backend.tests.test_settings_e2e_iter39.TestMerchantSettings" name="test_change_password_wrong_current" time="0.407" /><testcase classname="backend.tests.test_settings_e2e_iter39.TestMerchantSettings" name="test_change_password_success_and_relogin" time="1.349" /><testcase classname="backend.tests.test_settings_e2e_iter39.TestMerchantSettings" name="test_change_password_min_length_backend" time="0.354" /><testcase classname="backend.tests.test_settings_e2e_iter39.TestDriverSettings" name="test_get_drivers_me" time="1.347" /><testcase classname="backend.tests.test_settings_e2e_iter39.TestDriverSettings" name="test_update_users_me" time="0.236" /><testcase classname="backend.tests.test_settings_e2e_iter39.TestDriverSettings" name="test_update_vehicle_details" time="0.274" /><testcase classname="backend.tests.test_settings_e2e_iter39.TestDriverSettings" name="test_update_banking" time="0.229" /><testcase classname="backend.tests.test_settings_e2e_iter39.TestDriverSettings" name="test_change_password" time="0.911" /><testcase classname="backend.tests.test_settings_e2e_iter39.TestAuthGuards" name="test_unauth_merchant_profile" time="0.112" /><testcase classname="backend.tests.test_settings_e2e_iter39.TestAuthGuards" name="test_unauth_drivers_me" time="0.121" /><testcase classname="backend.tests.test_settings_e2e_iter39.TestAuthGuards" name="test_unauth_users_me_put" time="0.111" /></testsuite></testsuites>