<?xml version="1.0" encoding="utf-8"?><testsuites name="pytest tests"><testsuite name="pytest" errors="0" failures="1" skipped="0" tests="6" time="10.826" timestamp="2026-07-27T13:45:19.883521+00:00" hostname="agent-env-342c6482-28f2-4ac5-9cb8-c7f91dd42d9d"><testcase classname="backend.tests.test_dispatch_edge_cases_iter60" name="test_race_only_one_driver_wins" time="0.720" /><testcase classname="backend.tests.test_dispatch_edge_cases_iter60" name="test_second_accept_on_assigned_order_returns_400" time="0.318" /><testcase classname="backend.tests.test_dispatch_edge_cases_iter60" name="test_declined_driver_not_reoffered_on_go_online" time="2.320"><failure message="AssertionError: declined driver should not be re-offered, got notified=['buldrv_d0ed7011', '2e493077-f328-436d-9b5d-7c73a55dbcf2']&#10;assert '2e493077-f328-436d-9b5d-7c73a55dbcf2' not in ['buldrv_d0ed7011', '2e493077-f328-436d-9b5d-7c73a55dbcf2']">backend/tests/test_dispatch_edge_cases_iter60.py:119: in test_declined_driver_not_reoffered_on_go_online
    assert d["driver_id"] not in notified, \
E   AssertionError: declined driver should not be re-offered, got notified=['buldrv_d0ed7011', '2e493077-f328-436d-9b5d-7c73a55dbcf2']
E   assert '2e493077-f328-436d-9b5d-7c73a55dbcf2' not in ['buldrv_d0ed7011', '2e493077-f328-436d-9b5d-7c73a55dbcf2']</failure></testcase><testcase classname="backend.tests.test_dispatch_edge_cases_iter60" name="test_coord_tolerance_latlng_key_names_dispatch" time="2.316" /><testcase classname="backend.tests.test_dispatch_edge_cases_iter60" name="test_go_online_reoffers_and_order_requests_lists_it" time="2.323" /><testcase classname="backend.tests.test_dispatch_edge_cases_iter60" name="test_merchant_marking_ready_triggers_redispatch" time="2.645" /></testsuite></testsuites>