<?xml version="1.0" encoding="utf-8"?><testsuites name="pytest tests"><testsuite name="pytest" errors="0" failures="1" skipped="1" tests="10" time="2.896" timestamp="2026-07-28T13:13:10.842841+00:00" hostname="agent-env-342c6482-28f2-4ac5-9cb8-c7f91dd42d9d"><testcase classname="backend.tests.test_iter61_claims_settlement.TestClaims" name="test_claim_requires_valid_order" time="0.806" /><testcase classname="backend.tests.test_iter61_claims_settlement.TestClaims" name="test_claim_creation_end_to_end" time="0.563"><skipped type="pytest.skip" message="Could not create test order for claim (status 422): {&quot;detail&quot;:[{&quot;type&quot;:&quot;missing&quot;,&quot;loc&quot;:[&quot;body&quot;,&quot;service_type&quot;],&quot;msg&quot;:&quot;Field required&quot;,&quot;input&quot;:{&quot;restaurant_id&quot;:&quot;test-restaurant-id&quot;,&quot;items&quot;:[{&quot;menu_item_id&quot;:&quot;x&quot;,&quot;name&quot;:&quot;Test&quot;,&quot;price&quot;:10.0,&quot;quantity&quot;:1}],&quot;">/app/backend/tests/test_iter61_claims_settlement.py:69: Could not create test order for claim (status 422): {"detail":[{"type":"missing","loc":["body","service_type"],"msg":"Field required","input":{"restaurant_id":"test-restaurant-id","items":[{"menu_item_id":"x","name":"Test","price":10.0,"quantity":1}],"</skipped></testcase><testcase classname="backend.tests.test_iter61_claims_settlement.TestClaims" name="test_claim_no_user_id_required_in_body" time="0.155" /><testcase classname="backend.tests.test_iter61_claims_settlement.TestClaims" name="test_claim_invalid_type_400" time="0.116" /><testcase classname="backend.tests.test_iter61_claims_settlement.TestAddressLatLng" name="test_create_address_with_latlng" time="0.133"><failure message="Failed: REGRESSION: POST /api/addresses returns 422 when user_id is not in body (analogous to the claim-submission bug). Frontend AddressManagement.js does not send user_id — MapPinPicker feature save will fail. Body model must not require user_id. Response: {&quot;detail&quot;:[{&quot;type&quot;:&quot;missing&quot;,&quot;loc&quot;:[&quot;body&quot;,&quot;user_id&quot;],&quot;msg&quot;:&quot;Field required&quot;,&quot;input&quot;:{&quot;label&quot;:&quot;Home&quot;,&quot;street_address&quot;:&quot;12 Test Rd&quot;,&quot;city&quot;:&quot;Kingston&quot;,&quot;state&quot;:&quot;St. Andrew&quot;,&quot;country&quot;:&quot;TT&quot;,&quot;latitude&quot;:10.6918,&quot;longitude&quot;:-61.2225,&quot;is_default&quot;:true},&quot;url&quot;:&quot;https://errors.pydantic.dev/2.11/v/missing&quot;}]}">backend/tests/test_iter61_claims_settlement.py:123: in test_create_address_with_latlng
    pytest.fail(
E   Failed: REGRESSION: POST /api/addresses returns 422 when user_id is not in body (analogous to the claim-submission bug). Frontend AddressManagement.js does not send user_id — MapPinPicker feature save will fail. Body model must not require user_id. Response: {"detail":[{"type":"missing","loc":["body","user_id"],"msg":"Field required","input":{"label":"Home","street_address":"12 Test Rd","city":"Kingston","state":"St. Andrew","country":"TT","latitude":10.6918,"longitude":-61.2225,"is_default":true},"url":"https://errors.pydantic.dev/2.11/v/missing"}]}</failure></testcase><testcase classname="backend.tests.test_iter61_claims_settlement.TestAddressLatLng" name="test_create_address_with_userid_workaround" time="0.142" /><testcase classname="backend.tests.test_iter61_claims_settlement.TestAdminSettlement" name="test_run_settlement_admin" time="0.111" /><testcase classname="backend.tests.test_iter61_claims_settlement.TestAdminSettlement" name="test_run_settlement_idempotent" time="0.355" /><testcase classname="backend.tests.test_iter61_claims_settlement.TestAdminSettlement" name="test_list_settlements" time="0.120" /><testcase classname="backend.tests.test_iter61_claims_settlement.TestAdminSettlement" name="test_settlement_requires_admin" time="0.332" /></testsuite></testsuites>