<?xml version="1.0" encoding="utf-8"?><testsuites name="pytest tests"><testsuite name="pytest" errors="0" failures="0" skipped="0" tests="10" time="3.201" timestamp="2026-07-21T20:18:21.468586+00:00" hostname="agent-env-342c6482-28f2-4ac5-9cb8-c7f91dd42d9d"><testcase classname="tests.test_iter42_taxi_media.TestVendorMediaEndpoint" name="test_media_with_cover_and_logo" time="0.468" /><testcase classname="tests.test_iter42_taxi_media.TestVendorMediaEndpoint" name="test_media_missing_vendor_returns_null" time="0.175" /><testcase classname="tests.test_iter42_taxi_media.TestDriverSplit" name="test_taxi_standard_20" time="2.246" /><testcase classname="tests.test_iter42_taxi_media.TestDriverSplit" name="test_taxi_pro_5" time="0.005" /><testcase classname="tests.test_iter42_taxi_media.TestDriverSplit" name="test_taxi_premium_0" time="0.005" /><testcase classname="tests.test_iter42_taxi_media.TestDriverSplit" name="test_delivery_standard_20" time="0.005" /><testcase classname="tests.test_iter42_taxi_media.TestDriverSplit" name="test_delivery_pro_10" time="0.005" /><testcase classname="tests.test_iter42_taxi_media.TestDriverSplit" name="test_delivery_premium_0" time="0.005" /><testcase classname="tests.test_iter42_taxi_media.TestSubscriptionPlans" name="test_driver_plans_expose_taxi_cut_pct" time="0.122" /><testcase classname="tests.test_iter42_taxi_media.TestSubscriptionPlans" name="test_merchant_plans_healthy" time="0.130" /></testsuite></testsuites>