<?xml version="1.0" encoding="utf-8"?><testsuites name="pytest tests"><testsuite name="pytest" errors="0" failures="0" skipped="0" tests="6" time="1.399" timestamp="2026-07-10T19:34:57.333263+00:00" hostname="agent-env-342c6482-28f2-4ac5-9cb8-c7f91dd42d9d"><testcase classname="backend.tests.test_iter36_approvals" name="test_restaurants_all_non_empty" time="0.608" /><testcase classname="backend.tests.test_iter36_approvals" name="test_restaurants_pending_empty" time="0.108" /><testcase classname="backend.tests.test_iter36_approvals" name="test_car_rentals_all_non_empty" time="0.117" /><testcase classname="backend.tests.test_iter36_approvals" name="test_businesses_pending_has_route_diner" time="0.129" /><testcase classname="backend.tests.test_iter36_approvals" name="test_drivers_all_include_joined_user" time="0.120" /><testcase classname="backend.tests.test_iter36_approvals" name="test_merchant_storefront_via_impersonation" time="0.301" /></testsuite></testsuites>