<?xml version="1.0" encoding="utf-8"?><testsuites name="pytest tests"><testsuite name="pytest" errors="0" failures="0" skipped="0" tests="12" time="20.167" timestamp="2026-08-28T12:51:27.085557+00:00" hostname="agent-env-342c6482-28f2-4ac5-9cb8-c7f91dd42d9d"><testcase classname="tests.test_iter74_tone_favourites_delete" name="test_ai_suggestions_tone[friendly]" time="7.689" /><testcase classname="tests.test_iter74_tone_favourites_delete" name="test_ai_suggestions_tone[firm]" time="6.962" /><testcase classname="tests.test_iter74_tone_favourites_delete" name="test_ai_suggestions_tone[brief]" time="4.183" /><testcase classname="tests.test_iter74_tone_favourites_delete" name="test_brief_is_shorter" time="0.000" /><testcase classname="tests.test_iter74_tone_favourites_delete" name="test_ai_suggestions_requires_auth" time="0.217" /><testcase classname="tests.test_iter74_tone_favourites_delete" name="test_reply_favourites_crud" time="0.271" /><testcase classname="tests.test_iter74_tone_favourites_delete" name="test_reply_favourite_empty_body_rejected" time="0.060" /><testcase classname="tests.test_iter74_tone_favourites_delete" name="test_reply_favourites_requires_auth" time="0.130" /><testcase classname="tests.test_iter74_tone_favourites_delete" name="test_delete_record_unknown_id_404" time="0.059" /><testcase classname="tests.test_iter74_tone_favourites_delete" name="test_delete_record_unknown_category_404" time="0.059" /><testcase classname="tests.test_iter74_tone_favourites_delete" name="test_delete_record_unauthenticated" time="0.237" /><testcase classname="tests.test_iter74_tone_favourites_delete" name="test_delete_throwaway_record" time="0.262" /></testsuite></testsuites>