<?xml version="1.0" encoding="utf-8"?><testsuites name="pytest tests"><testsuite name="pytest" errors="0" failures="0" skipped="0" tests="7" time="2.633" timestamp="2026-07-25T16:28:42.933083+00:00" hostname="agent-env-342c6482-28f2-4ac5-9cb8-c7f91dd42d9d"><testcase classname="backend.tests.test_iter54_account_repair_driver.TestAccountRepair" name="test_lookup_requires_admin" time="0.269" /><testcase classname="backend.tests.test_iter54_account_repair_driver.TestAccountRepair" name="test_lookup_min_length" time="0.476" /><testcase classname="backend.tests.test_iter54_account_repair_driver.TestAccountRepair" name="test_lookup_finds_broken_driver" time="0.149" /><testcase classname="backend.tests.test_iter54_account_repair_driver.TestAccountRepair" name="test_repair_broken_driver_then_healthy" time="0.330" /><testcase classname="backend.tests.test_iter54_account_repair_driver.TestAccountRepair" name="test_broken_driver_can_login_as_driver_after_repair" time="0.362" /><testcase classname="backend.tests.test_iter54_account_repair_driver.TestDriverAcceptJsonBody" name="test_accept_missing_driver_id_returns_422_not_500" time="0.467" /><testcase classname="backend.tests.test_iter54_account_repair_driver.TestDriverAcceptJsonBody" name="test_accept_with_json_body_shape_accepted" time="0.555" /></testsuite></testsuites>