<?xml version="1.0" encoding="utf-8"?><testsuites name="pytest tests"><testsuite name="pytest" errors="0" failures="0" skipped="0" tests="11" time="4.767" timestamp="2026-07-23T10:07:09.051086+00:00" hostname="agent-env-342c6482-28f2-4ac5-9cb8-c7f91dd42d9d"><testcase classname="backend.tests.test_payment_options_routing.TestPaymentOptionsRouting" name="test_401_without_auth" time="0.295" /><testcase classname="backend.tests.test_payment_options_routing.TestPaymentOptionsRouting" name="test_404_unknown_order" time="0.537" /><testcase classname="backend.tests.test_payment_options_routing.TestPaymentOptionsRouting" name="test_wipay_for_trinidad_merchant" time="0.353" /><testcase classname="backend.tests.test_payment_options_routing.TestPaymentOptionsRouting" name="test_stripe_for_us_merchant[United States]" time="0.247" /><testcase classname="backend.tests.test_payment_options_routing.TestPaymentOptionsRouting" name="test_stripe_for_us_merchant[US]" time="0.249" /><testcase classname="backend.tests.test_payment_options_routing.TestPaymentOptionsRouting" name="test_stripe_for_us_merchant[USA]" time="0.268" /><testcase classname="backend.tests.test_payment_options_routing.TestPaymentOptionsRouting" name="test_stripe_for_us_merchant[united states of america]" time="0.230" /><testcase classname="backend.tests.test_payment_options_routing.TestPaymentOptionsRouting" name="test_default_wipay_when_no_country_set" time="0.208" /><testcase classname="backend.tests.test_payment_options_routing.TestPaymentOptionsRouting" name="test_wipay_for_other_caribbean_country" time="0.217" /><testcase classname="backend.tests.test_payment_options_routing.TestSessionEndpointsRegression" name="test_wipay_session_creates_url" time="0.975" /><testcase classname="backend.tests.test_payment_options_routing.TestSessionEndpointsRegression" name="test_stripe_session_creates_url" time="1.081" /></testsuite></testsuites>