<?xml version="1.0" encoding="utf-8"?><testsuites name="pytest tests"><testsuite name="pytest" errors="0" failures="0" skipped="0" tests="158" time="74.370" timestamp="2026-05-22T16:55:16.258578+00:00" hostname="agent-env-30417015-77b8-4ea3-8c18-a3e56be65d42"><testcase classname="tests.test_islandhop_backend.TestHealth" name="test_root_alive" time="0.282" /><testcase classname="tests.test_islandhop_backend.TestAuth" name="test_register_login_and_jwt_me" time="0.968" /><testcase classname="tests.test_islandhop_backend.TestAuth" name="test_login_invalid_credentials" time="0.175" /><testcase classname="tests.test_islandhop_backend.TestAuth" name="test_duplicate_register_400" time="0.519" /><testcase classname="tests.test_islandhop_backend.TestScheduledOrders" name="test_401_without_auth" time="0.281" /><testcase classname="tests.test_islandhop_backend.TestScheduledOrders" name="test_400_past_date" time="0.491" /><testcase classname="tests.test_islandhop_backend.TestScheduledOrders" name="test_create_one_time_scheduled_order" time="0.281" /><testcase classname="tests.test_islandhop_backend.TestScheduledOrders" name="test_recurring_weekly_creates_parent_and_child" time="0.681" /><testcase classname="tests.test_islandhop_backend.TestScheduledOrders" name="test_cancel_scheduled_order" time="0.262" /><testcase classname="tests.test_islandhop_backend.TestScheduledOrders" name="test_delete_unknown_scheduled_order_404" time="0.108" /><testcase classname="tests.test_islandhop_backend.TestScheduledOrders" name="test_recurring_requires_pattern" time="0.104" /><testcase classname="tests.test_islandhop_backend.TestAddresses" name="test_401_without_auth" time="0.131" /><testcase classname="tests.test_islandhop_backend.TestAddresses" name="test_crud" time="0.653" /><testcase classname="tests.test_islandhop_backend.TestPromoCodes" name="test_promo_lifecycle" time="0.505" /><testcase classname="tests.test_islandhop_backend.TestPromoCodes" name="test_validate_unknown_404" time="0.126" /><testcase classname="tests.test_islandhop_backend.TestSupportTickets" name="test_create_and_list" time="0.419" /><testcase classname="tests.test_islandhop_backend.TestSearch" name="test_search_basic" time="0.142" /><testcase classname="tests.test_islandhop_backend.TestAdmin" name="test_admin_stats" time="0.122" /><testcase classname="tests.test_islandhop_backend.TestAdmin" name="test_kpi_dashboard" time="0.136" /><testcase classname="tests.test_islandhop_backend.TestAdmin" name="test_financial_summary" time="0.169" /><testcase classname="tests.test_islandhop_backend.TestDriver" name="test_driver_location_post_and_get" time="0.643" /><testcase classname="tests.test_islandhop_backend.TestDriver" name="test_driver_wallet_get" time="0.129" /><testcase classname="tests.test_islandhop_backend.TestVendorPayouts" name="test_vendor_payouts_get" time="0.472" /><testcase classname="tests.test_islandhop_backend.TestRatings" name="test_vendor_ratings_get" time="0.130" /><testcase classname="tests.test_islandhop_backend.TestRatings" name="test_driver_ratings_get" time="0.129" /><testcase classname="tests.test_islandhop_backend.TestMenu" name="test_create_restaurant_and_menu" time="0.279" /><testcase classname="tests.test_islandhop_backend.TestJwtFallbackAcrossRoutes" name="test_jwt_works_for_scheduled_addresses_promos_support" time="0.517" /><testcase classname="tests.test_p1_features.TestOTP" name="test_send_returns_dev_code_in_mock_mode" time="0.003" /><testcase classname="tests.test_p1_features.TestOTP" name="test_verify_with_correct_code" time="0.005" /><testcase classname="tests.test_p1_features.TestOTP" name="test_verify_with_wrong_code_fails" time="0.004" /><testcase classname="tests.test_p1_features.TestOTP" name="test_register_with_otp_marks_phone_verified" time="0.237" /><testcase classname="tests.test_p1_features.TestReferrals" name="test_my_code_is_generated" time="0.241" /><testcase classname="tests.test_p1_features.TestReferrals" name="test_apply_referral_at_signup_links_users" time="0.486" /><testcase classname="tests.test_p1_features.TestReferrals" name="test_my_referrals_lists_pending" time="0.479" /><testcase classname="tests.test_p1_features.TestReferrals" name="test_cannot_apply_own_referral_code" time="0.246" /><testcase classname="tests.test_p1_features.TestReferrals" name="test_invalid_code_returns_404" time="0.245" /><testcase classname="tests.test_p1_features.TestProofOfDelivery" name="test_only_drivers_can_upload" time="0.241" /><testcase classname="tests.test_p1_features.TestProofOfDelivery" name="test_missing_order_returns_404" time="0.240" /><testcase classname="tests.test_p1_features.TestServiceZones" name="test_list_zones_is_public" time="0.002" /><testcase classname="tests.test_p1_features.TestServiceZones" name="test_admin_can_create_zone" time="0.243" /><testcase classname="tests.test_p1_features.TestServiceZones" name="test_non_admin_cannot_create_zone" time="0.245" /><testcase classname="tests.test_p1_features.TestServiceZones" name="test_point_in_polygon_check" time="0.249" /><testcase classname="tests.test_p1_features.TestWhatsApp" name="test_inbound_webhook_records_message" time="0.002" /><testcase classname="tests.test_p1_features.TestWhatsApp" name="test_only_admin_can_send_outbound" time="0.240" /><testcase classname="tests.test_p1_features.TestWhatsApp" name="test_admin_can_send_outbound" time="0.242" /><testcase classname="tests.test_p1_features.TestWhatsApp" name="test_admin_can_list_conversations" time="0.246" /><testcase classname="tests.test_p1_features.TestAdminApprovals" name="test_pending_approvals_endpoint" time="0.242" /><testcase classname="tests.test_p1_features.TestAdminApprovals" name="test_non_admin_blocked" time="0.241" /><testcase classname="tests.test_p1_features.TestAdminApprovals" name="test_approve_missing_driver_returns_404" time="0.239" /><testcase classname="tests.test_payments.TestCreateOrderWithCommission" name="test_create_food_order_returns_commission_split" time="0.159" /><testcase classname="tests.test_payments.TestCheckoutSession" name="test_401_without_auth" time="0.126" /><testcase classname="tests.test_payments.TestCheckoutSession" name="test_404_unknown_order" time="0.159" /><testcase classname="tests.test_payments.TestCheckoutSession" name="test_404_not_owned_order" time="0.251" /><testcase classname="tests.test_payments.TestCheckoutSession" name="test_happy_path_returns_stripe_url" time="0.667" /><testcase classname="tests.test_payments.TestCheckoutSession" name="test_400_when_already_paid" time="0.239" /><testcase classname="tests.test_payments.TestCheckoutStatus" name="test_404_unknown_session" time="0.326" /><testcase classname="tests.test_payments.TestCheckoutStatus" name="test_status_returns_fields_for_real_session" time="0.707" /><testcase classname="tests.test_payments.TestStripeWebhook" name="test_canonical_unsigned_returns_400" time="0.173" /><testcase classname="tests.test_payments.TestStripeWebhook" name="test_canonical_invalid_signature_returns_400" time="0.127" /><testcase classname="tests.test_payments.TestStripeWebhook" name="test_legacy_alias_unsigned_returns_400" time="0.160" /><testcase classname="tests.test_payments.TestVendorConnect" name="test_status_401_without_auth" time="0.126" /><testcase classname="tests.test_payments.TestVendorConnect" name="test_status_no_vendor_profile_for_brand_new_customer" time="0.229" /><testcase classname="tests.test_payments.TestVendorConnect" name="test_onboarding_404_when_no_vendor_profile" time="0.345" /><testcase classname="tests.test_payments.TestVendorConnect" name="test_onboarding_401_without_auth" time="0.128" /><testcase classname="tests.test_payments.TestRefunds" name="test_401_without_auth" time="0.272" /><testcase classname="tests.test_payments.TestRefunds" name="test_404_unknown_order" time="0.345" /><testcase classname="tests.test_payments.TestRefunds" name="test_400_when_order_not_paid" time="0.534" /><testcase classname="tests.test_payments.TestDriverPayouts" name="test_401_without_auth" time="0.174" /><testcase classname="tests.test_payments.TestDriverPayouts" name="test_404_unknown_driver" time="0.126" /><testcase classname="tests.test_payments.TestDriverPayouts" name="test_400_when_low_balance_or_no_connect" time="0.133" /><testcase classname="tests.test_reviews_incentives.TestCurrencyRates" name="test_default_base_usd" time="0.152" /><testcase classname="tests.test_reviews_incentives.TestCurrencyRates" name="test_base_ttd" time="0.129" /><testcase classname="tests.test_reviews_incentives.TestCurrencyRates" name="test_lowercase_base_is_normalized" time="0.154" /><testcase classname="tests.test_reviews_incentives.TestCurrencyRates" name="test_invalid_base_400" time="0.137" /><testcase classname="tests.test_reviews_incentives.TestWalletDefaultsTTD" name="test_new_user_has_usd_and_ttd_zero" time="0.505" /><testcase classname="tests.test_reviews_incentives.TestRatingSubmission" name="test_unauth_401" time="1.223" /><testcase classname="tests.test_reviews_incentives.TestRatingSubmission" name="test_not_owner_403" time="0.123" /><testcase classname="tests.test_reviews_incentives.TestRatingSubmission" name="test_unknown_order_404" time="0.122" /><testcase classname="tests.test_reviews_incentives.TestRatingSubmission" name="test_not_delivered_400" time="0.122" /><testcase classname="tests.test_reviews_incentives.TestRatingSubmission" name="test_non_five_star_no_bonus" time="0.128" /><testcase classname="tests.test_reviews_incentives.TestRatingSubmission" name="test_already_rated_400" time="0.265" /><testcase classname="tests.test_reviews_incentives.TestFiveStarBonus" name="test_5star_credits_wallet_and_records_incentive" time="0.522" /><testcase classname="tests.test_reviews_incentives.TestOrderRatingGet" name="test_rated_true_after_submission" time="0.137" /><testcase classname="tests.test_reviews_incentives.TestOrderRatingGet" name="test_404_unknown_order" time="0.137" /><testcase classname="tests.test_reviews_incentives.TestOrderRatingGet" name="test_403_non_owner" time="0.151" /><testcase classname="tests.test_reviews_incentives.TestDriverIncentivesGet" name="test_unauth_401" time="0.136" /><testcase classname="tests.test_reviews_incentives.TestDriverIncentivesGet" name="test_driver_can_view_self" time="0.140" /><testcase classname="tests.test_reviews_incentives.TestDriverIncentivesGet" name="test_other_user_forbidden_403" time="0.133" /><testcase classname="tests.test_reviews_incentives.TestWeeklyBonus" name="test_non_admin_forbidden" time="0.132" /><testcase classname="tests.test_reviews_incentives.TestWeeklyBonus" name="test_admin_runs_and_is_idempotent" time="1.168" /><testcase classname="tests.test_wallet.TestGetWallet" name="test_401_without_auth" time="0.125" /><testcase classname="tests.test_wallet.TestGetWallet" name="test_auto_create_wallet_default_state" time="0.499" /><testcase classname="tests.test_wallet.TestGetWallet" name="test_idempotent_get" time="0.361" /><testcase classname="tests.test_wallet.TestGetTransactions" name="test_401_without_auth" time="0.133" /><testcase classname="tests.test_wallet.TestGetTransactions" name="test_returns_list_initially_empty" time="0.133" /><testcase classname="tests.test_wallet.TestLink" name="test_401_without_auth" time="0.146" /><testcase classname="tests.test_wallet.TestLink" name="test_empty_handle_400" time="0.133" /><testcase classname="tests.test_wallet.TestLink" name="test_link_persists_handle" time="0.248" /><testcase classname="tests.test_wallet.TestLink" name="test_unlink_clears_handle" time="6.026" /><testcase classname="tests.test_wallet.TestDeposit" name="test_401_without_auth" time="0.240" /><testcase classname="tests.test_wallet.TestDeposit" name="test_requires_linked_caripay" time="0.501" /><testcase classname="tests.test_wallet.TestDeposit" name="test_amount_too_low" time="0.131" /><testcase classname="tests.test_wallet.TestDeposit" name="test_amount_too_high" time="0.127" /><testcase classname="tests.test_wallet.TestDeposit" name="test_unknown_currency_400" time="0.145" /><testcase classname="tests.test_wallet.TestDeposit" name="test_deposit_usd_credits_balance_and_records_txn" time="0.535" /><testcase classname="tests.test_wallet.TestDeposit" name="test_deposit_other_supported_currencies[JMD]" time="0.132" /><testcase classname="tests.test_wallet.TestDeposit" name="test_deposit_other_supported_currencies[TTD]" time="0.138" /><testcase classname="tests.test_wallet.TestDeposit" name="test_deposit_other_supported_currencies[BBD]" time="0.123" /><testcase classname="tests.test_wallet.TestDeposit" name="test_deposit_other_supported_currencies[GHS]" time="0.140" /><testcase classname="tests.test_wallet.TestDeposit" name="test_deposit_other_supported_currencies[NGN]" time="0.158" /><testcase classname="tests.test_wallet.TestDeposit" name="test_deposit_other_supported_currencies[ZAR]" time="0.138" /><testcase classname="tests.test_wallet.TestWithdraw" name="test_401_without_auth" time="0.157" /><testcase classname="tests.test_wallet.TestWithdraw" name="test_requires_link" time="0.500" /><testcase classname="tests.test_wallet.TestWithdraw" name="test_insufficient_balance_does_not_debit" time="0.389" /><testcase classname="tests.test_wallet.TestWithdraw" name="test_successful_withdraw_debits_and_records" time="0.264" /><testcase classname="tests.test_wallet.TestP2PSend" name="test_401_without_auth" time="0.126" /><testcase classname="tests.test_wallet.TestP2PSend" name="test_recipient_not_found" time="0.139" /><testcase classname="tests.test_wallet.TestP2PSend" name="test_self_send_400" time="0.128" /><testcase classname="tests.test_wallet.TestP2PSend" name="test_insufficient_balance_no_debit" time="0.703" /><testcase classname="tests.test_wallet.TestP2PSend" name="test_successful_p2p" time="0.670" /><testcase classname="tests.test_wallet.TestPayOrder" name="test_unknown_order_404" time="0.127" /><testcase classname="tests.test_wallet.TestPayOrder" name="test_insufficient_balance" time="0.270" /><testcase classname="tests.test_wallet.TestPayOrder" name="test_pay_then_double_pay" time="0.840" /><testcase classname="tests.test_wallet.TestCariPayWebhook" name="test_invalid_json_400" time="0.124" /><testcase classname="tests.test_wallet.TestCariPayWebhook" name="test_unknown_handle_ignored" time="0.136" /><testcase classname="tests.test_wallet.TestCariPayWebhook" name="test_webhook_credits_and_is_idempotent" time="1.206" /><testcase classname="tests.test_wallet_requests_refunds.TestRequestMoneyCreate" name="test_create_unauth_401" time="0.122" /><testcase classname="tests.test_wallet_requests_refunds.TestRequestMoneyCreate" name="test_create_amount_too_low" time="1.118" /><testcase classname="tests.test_wallet_requests_refunds.TestRequestMoneyCreate" name="test_create_amount_too_high" time="0.136" /><testcase classname="tests.test_wallet_requests_refunds.TestRequestMoneyCreate" name="test_create_unsupported_currency" time="0.127" /><testcase classname="tests.test_wallet_requests_refunds.TestRequestMoneyCreate" name="test_create_unknown_payer_404" time="0.170" /><testcase classname="tests.test_wallet_requests_refunds.TestRequestMoneyCreate" name="test_create_self_request_400" time="0.123" /><testcase classname="tests.test_wallet_requests_refunds.TestRequestMoneyCreate" name="test_create_success_returns_pending" time="0.174" /><testcase classname="tests.test_wallet_requests_refunds.TestRequestMoneyList" name="test_list_unauth_401" time="0.147" /><testcase classname="tests.test_wallet_requests_refunds.TestRequestMoneyList" name="test_list_shows_outgoing_for_requester" time="0.255" /><testcase classname="tests.test_wallet_requests_refunds.TestRequestMoneyList" name="test_list_shows_incoming_for_payer" time="0.131" /><testcase classname="tests.test_wallet_requests_refunds.TestRequestApprove" name="test_approve_unauth_401" time="0.267" /><testcase classname="tests.test_wallet_requests_refunds.TestRequestApprove" name="test_approve_unknown_id_404" time="0.151" /><testcase classname="tests.test_wallet_requests_refunds.TestRequestApprove" name="test_approve_by_non_payer_403" time="0.638" /><testcase classname="tests.test_wallet_requests_refunds.TestRequestApprove" name="test_approve_by_requester_403" time="0.262" /><testcase classname="tests.test_wallet_requests_refunds.TestRequestApprove" name="test_approve_success_transfers_funds" time="1.193" /><testcase classname="tests.test_wallet_requests_refunds.TestRequestApprove" name="test_double_approve_400" time="0.405" /><testcase classname="tests.test_wallet_requests_refunds.TestRequestApprove" name="test_approve_insufficient_balance_400" time="0.764" /><testcase classname="tests.test_wallet_requests_refunds.TestRequestDecline" name="test_decline_unauth_401" time="0.130" /><testcase classname="tests.test_wallet_requests_refunds.TestRequestDecline" name="test_decline_unknown_id_404" time="0.131" /><testcase classname="tests.test_wallet_requests_refunds.TestRequestDecline" name="test_decline_by_non_payer_403" time="0.231" /><testcase classname="tests.test_wallet_requests_refunds.TestRequestDecline" name="test_decline_success" time="0.719" /><testcase classname="tests.test_wallet_requests_refunds.TestRequestCancel" name="test_cancel_unauth_401" time="0.124" /><testcase classname="tests.test_wallet_requests_refunds.TestRequestCancel" name="test_cancel_unknown_id_404" time="0.111" /><testcase classname="tests.test_wallet_requests_refunds.TestRequestCancel" name="test_cancel_by_payer_403" time="0.275" /><testcase classname="tests.test_wallet_requests_refunds.TestRequestCancel" name="test_cancel_success" time="0.450" /><testcase classname="tests.test_wallet_requests_refunds.TestRequestCancel" name="test_cannot_approve_cancelled" time="0.355" /><testcase classname="tests.test_wallet_requests_refunds.TestRefundToWallet" name="test_full_refund_credits_wallet" time="1.551" /><testcase classname="tests.test_wallet_requests_refunds.TestRefundToWallet" name="test_partial_refund_partial_status" time="20.811" /><testcase classname="tests.test_wallet_requests_refunds.TestRefundToWallet" name="test_refund_invalid_amount_400" time="0.607" /><testcase classname="tests.test_wallet_requests_refunds.TestRefundToWallet" name="test_refund_unauth_other_user_403" time="0.831" /><testcase classname="tests.test_wallet_requests_refunds.TestAmountRounding" name="test_deposit_rounds_to_two_decimals" time="0.908" /><testcase classname="tests.test_wallet_requests_refunds.TestDriverDeliveryCredit" name="test_silent_skip_documented" time="0.001" /></testsuite></testsuites>