<?xml version="1.0" encoding="utf-8"?><testsuites name="pytest tests"><testsuite name="pytest" errors="0" failures="0" skipped="0" tests="7" time="3.224" timestamp="2026-06-27T22:36:21.347908+00:00" hostname="agent-env-342c6482-28f2-4ac5-9cb8-c7f91dd42d9d"><testcase classname="backend.tests.test_subscription_tiers_iter29.TestDriverSubscription" name="test_plans_catalogue" time="0.609" /><testcase classname="backend.tests.test_subscription_tiers_iter29.TestDriverSubscription" name="test_default_tier_is_standard" time="0.107" /><testcase classname="backend.tests.test_subscription_tiers_iter29.TestDriverSubscription" name="test_select_pro_then_verify" time="0.222" /><testcase classname="backend.tests.test_subscription_tiers_iter29.TestDriverSubscription" name="test_select_premium_then_back_to_standard" time="0.453" /><testcase classname="backend.tests.test_subscription_tiers_iter29.TestMerchantSubscriptionAndCommission" name="test_plans_catalogue" time="0.549" /><testcase classname="backend.tests.test_subscription_tiers_iter29.TestMerchantSubscriptionAndCommission" name="test_default_tier_is_standard" time="0.104" /><testcase classname="backend.tests.test_subscription_tiers_iter29.TestMerchantSubscriptionAndCommission" name="test_commission_standard_then_pro_then_premium" time="1.134" /></testsuite></testsuites>