<?xml version="1.0" encoding="utf-8"?><testsuites name="pytest tests"><testsuite name="pytest" errors="0" failures="0" skipped="0" tests="84" time="28.685" timestamp="2026-05-15T20:24:45.280387+00:00" hostname="agent-env-beb3868b-d5f2-4eed-8f78-0dd1ba95d966"><testcase classname="backend.tests.test_islandhop_backend.TestHealth" name="test_root_alive" time="0.190" /><testcase classname="backend.tests.test_islandhop_backend.TestAuth" name="test_register_login_and_jwt_me" time="1.206" /><testcase classname="backend.tests.test_islandhop_backend.TestAuth" name="test_login_invalid_credentials" time="0.188" /><testcase classname="backend.tests.test_islandhop_backend.TestAuth" name="test_duplicate_register_400" time="0.591" /><testcase classname="backend.tests.test_islandhop_backend.TestScheduledOrders" name="test_401_without_auth" time="0.340" /><testcase classname="backend.tests.test_islandhop_backend.TestScheduledOrders" name="test_400_past_date" time="0.575" /><testcase classname="backend.tests.test_islandhop_backend.TestScheduledOrders" name="test_create_one_time_scheduled_order" time="0.354" /><testcase classname="backend.tests.test_islandhop_backend.TestScheduledOrders" name="test_recurring_weekly_creates_parent_and_child" time="0.927" /><testcase classname="backend.tests.test_islandhop_backend.TestScheduledOrders" name="test_cancel_scheduled_order" time="0.359" /><testcase classname="backend.tests.test_islandhop_backend.TestScheduledOrders" name="test_delete_unknown_scheduled_order_404" time="0.183" /><testcase classname="backend.tests.test_islandhop_backend.TestScheduledOrders" name="test_recurring_requires_pattern" time="0.205" /><testcase classname="backend.tests.test_islandhop_backend.TestAddresses" name="test_401_without_auth" time="0.190" /><testcase classname="backend.tests.test_islandhop_backend.TestAddresses" name="test_crud" time="0.875" /><testcase classname="backend.tests.test_islandhop_backend.TestPromoCodes" name="test_promo_lifecycle" time="0.710" /><testcase classname="backend.tests.test_islandhop_backend.TestPromoCodes" name="test_validate_unknown_404" time="0.183" /><testcase classname="backend.tests.test_islandhop_backend.TestSupportTickets" name="test_create_and_list" time="0.563" /><testcase classname="backend.tests.test_islandhop_backend.TestSearch" name="test_search_basic" time="0.190" /><testcase classname="backend.tests.test_islandhop_backend.TestAdmin" name="test_admin_stats" time="0.176" /><testcase classname="backend.tests.test_islandhop_backend.TestAdmin" name="test_kpi_dashboard" time="0.171" /><testcase classname="backend.tests.test_islandhop_backend.TestAdmin" name="test_financial_summary" time="0.112" /><testcase classname="backend.tests.test_islandhop_backend.TestDriver" name="test_driver_location_post_and_get" time="0.592" /><testcase classname="backend.tests.test_islandhop_backend.TestDriver" name="test_driver_wallet_get" time="0.132" /><testcase classname="backend.tests.test_islandhop_backend.TestVendorPayouts" name="test_vendor_payouts_get" time="0.533" /><testcase classname="backend.tests.test_islandhop_backend.TestRatings" name="test_vendor_ratings_get" time="0.187" /><testcase classname="backend.tests.test_islandhop_backend.TestRatings" name="test_driver_ratings_get" time="0.121" /><testcase classname="backend.tests.test_islandhop_backend.TestMenu" name="test_create_restaurant_and_menu" time="0.230" /><testcase classname="backend.tests.test_islandhop_backend.TestJwtFallbackAcrossRoutes" name="test_jwt_works_for_scheduled_addresses_promos_support" time="0.668" /><testcase classname="backend.tests.test_payments.TestCreateOrderWithCommission" name="test_create_food_order_returns_commission_split" time="0.116" /><testcase classname="backend.tests.test_payments.TestCheckoutSession" name="test_401_without_auth" time="0.121" /><testcase classname="backend.tests.test_payments.TestCheckoutSession" name="test_404_unknown_order" time="0.109" /><testcase classname="backend.tests.test_payments.TestCheckoutSession" name="test_404_not_owned_order" time="0.244" /><testcase classname="backend.tests.test_payments.TestCheckoutSession" name="test_happy_path_returns_stripe_url" time="0.885" /><testcase classname="backend.tests.test_payments.TestCheckoutSession" name="test_400_when_already_paid" time="0.359" /><testcase classname="backend.tests.test_payments.TestCheckoutStatus" name="test_404_unknown_session" time="0.319" /><testcase classname="backend.tests.test_payments.TestCheckoutStatus" name="test_status_returns_fields_for_real_session" time="0.659" /><testcase classname="backend.tests.test_payments.TestStripeWebhook" name="test_canonical_unsigned_returns_400" time="0.113" /><testcase classname="backend.tests.test_payments.TestStripeWebhook" name="test_canonical_invalid_signature_returns_400" time="0.135" /><testcase classname="backend.tests.test_payments.TestStripeWebhook" name="test_legacy_alias_unsigned_returns_400" time="0.109" /><testcase classname="backend.tests.test_payments.TestVendorConnect" name="test_status_401_without_auth" time="0.110" /><testcase classname="backend.tests.test_payments.TestVendorConnect" name="test_status_no_vendor_profile_for_brand_new_customer" time="0.125" /><testcase classname="backend.tests.test_payments.TestVendorConnect" name="test_onboarding_404_when_no_vendor_profile" time="0.140" /><testcase classname="backend.tests.test_payments.TestVendorConnect" name="test_onboarding_401_without_auth" time="0.111" /><testcase classname="backend.tests.test_payments.TestRefunds" name="test_401_without_auth" time="0.136" /><testcase classname="backend.tests.test_payments.TestRefunds" name="test_404_unknown_order" time="0.116" /><testcase classname="backend.tests.test_payments.TestRefunds" name="test_400_when_order_not_paid" time="0.255" /><testcase classname="backend.tests.test_payments.TestDriverPayouts" name="test_401_without_auth" time="0.107" /><testcase classname="backend.tests.test_payments.TestDriverPayouts" name="test_404_unknown_driver" time="0.139" /><testcase classname="backend.tests.test_payments.TestDriverPayouts" name="test_400_when_low_balance_or_no_connect" time="0.173" /><testcase classname="backend.tests.test_wallet.TestGetWallet" name="test_401_without_auth" time="0.128" /><testcase classname="backend.tests.test_wallet.TestGetWallet" name="test_auto_create_wallet_default_state" time="0.513" /><testcase classname="backend.tests.test_wallet.TestGetWallet" name="test_idempotent_get" time="0.279" /><testcase classname="backend.tests.test_wallet.TestGetTransactions" name="test_401_without_auth" time="0.110" /><testcase classname="backend.tests.test_wallet.TestGetTransactions" name="test_returns_list_initially_empty" time="0.153" /><testcase classname="backend.tests.test_wallet.TestLink" name="test_401_without_auth" time="0.158" /><testcase classname="backend.tests.test_wallet.TestLink" name="test_empty_handle_400" time="0.126" /><testcase classname="backend.tests.test_wallet.TestLink" name="test_link_persists_handle" time="0.276" /><testcase classname="backend.tests.test_wallet.TestLink" name="test_unlink_clears_handle" time="0.896" /><testcase classname="backend.tests.test_wallet.TestDeposit" name="test_401_without_auth" time="0.120" /><testcase classname="backend.tests.test_wallet.TestDeposit" name="test_requires_linked_caripay" time="0.513" /><testcase classname="backend.tests.test_wallet.TestDeposit" name="test_amount_too_low" time="0.147" /><testcase classname="backend.tests.test_wallet.TestDeposit" name="test_amount_too_high" time="0.112" /><testcase classname="backend.tests.test_wallet.TestDeposit" name="test_unknown_currency_400" time="0.117" /><testcase classname="backend.tests.test_wallet.TestDeposit" name="test_deposit_usd_credits_balance_and_records_txn" time="0.701" /><testcase classname="backend.tests.test_wallet.TestDeposit" name="test_deposit_other_supported_currencies[JMD]" time="0.175" /><testcase classname="backend.tests.test_wallet.TestDeposit" name="test_deposit_other_supported_currencies[TTD]" time="0.169" /><testcase classname="backend.tests.test_wallet.TestDeposit" name="test_deposit_other_supported_currencies[BBD]" time="0.194" /><testcase classname="backend.tests.test_wallet.TestDeposit" name="test_deposit_other_supported_currencies[GHS]" time="0.178" /><testcase classname="backend.tests.test_wallet.TestDeposit" name="test_deposit_other_supported_currencies[NGN]" time="0.212" /><testcase classname="backend.tests.test_wallet.TestDeposit" name="test_deposit_other_supported_currencies[ZAR]" time="0.200" /><testcase classname="backend.tests.test_wallet.TestWithdraw" name="test_401_without_auth" time="0.182" /><testcase classname="backend.tests.test_wallet.TestWithdraw" name="test_requires_link" time="0.612" /><testcase classname="backend.tests.test_wallet.TestWithdraw" name="test_insufficient_balance_does_not_debit" time="0.584" /><testcase classname="backend.tests.test_wallet.TestWithdraw" name="test_successful_withdraw_debits_and_records" time="0.366" /><testcase classname="backend.tests.test_wallet.TestP2PSend" name="test_401_without_auth" time="0.171" /><testcase classname="backend.tests.test_wallet.TestP2PSend" name="test_recipient_not_found" time="0.199" /><testcase classname="backend.tests.test_wallet.TestP2PSend" name="test_self_send_400" time="0.170" /><testcase classname="backend.tests.test_wallet.TestP2PSend" name="test_insufficient_balance_no_debit" time="0.997" /><testcase classname="backend.tests.test_wallet.TestP2PSend" name="test_successful_p2p" time="0.941" /><testcase classname="backend.tests.test_wallet.TestPayOrder" name="test_unknown_order_404" time="0.179" /><testcase classname="backend.tests.test_wallet.TestPayOrder" name="test_insufficient_balance" time="0.340" /><testcase classname="backend.tests.test_wallet.TestPayOrder" name="test_pay_then_double_pay" time="1.118" /><testcase classname="backend.tests.test_wallet.TestCariPayWebhook" name="test_invalid_json_400" time="0.164" /><testcase classname="backend.tests.test_wallet.TestCariPayWebhook" name="test_unknown_handle_ignored" time="0.204" /><testcase classname="backend.tests.test_wallet.TestCariPayWebhook" name="test_webhook_credits_and_is_idempotent" time="1.570" /></testsuite></testsuites>