<?xml version="1.0" encoding="utf-8"?><testsuites name="pytest tests"><testsuite name="pytest" errors="0" failures="0" skipped="0" tests="22" time="11.466" timestamp="2026-05-22T16:49:20.627222+00:00" hostname="agent-env-30417015-77b8-4ea3-8c18-a3e56be65d42"><testcase classname="backend.tests.test_p1_features.TestOTP" name="test_send_returns_dev_code_in_mock_mode" time="0.296" /><testcase classname="backend.tests.test_p1_features.TestOTP" name="test_verify_with_correct_code" time="0.277" /><testcase classname="backend.tests.test_p1_features.TestOTP" name="test_verify_with_wrong_code_fails" time="0.266" /><testcase classname="backend.tests.test_p1_features.TestOTP" name="test_register_with_otp_marks_phone_verified" time="0.495" /><testcase classname="backend.tests.test_p1_features.TestReferrals" name="test_my_code_is_generated" time="0.490" /><testcase classname="backend.tests.test_p1_features.TestReferrals" name="test_apply_referral_at_signup_links_users" time="0.883" /><testcase classname="backend.tests.test_p1_features.TestReferrals" name="test_my_referrals_lists_pending" time="0.968" /><testcase classname="backend.tests.test_p1_features.TestReferrals" name="test_cannot_apply_own_referral_code" time="0.614" /><testcase classname="backend.tests.test_p1_features.TestReferrals" name="test_invalid_code_returns_404" time="0.498" /><testcase classname="backend.tests.test_p1_features.TestProofOfDelivery" name="test_only_drivers_can_upload" time="0.549" /><testcase classname="backend.tests.test_p1_features.TestProofOfDelivery" name="test_missing_order_returns_404" time="0.503" /><testcase classname="backend.tests.test_p1_features.TestServiceZones" name="test_list_zones_is_public" time="0.126" /><testcase classname="backend.tests.test_p1_features.TestServiceZones" name="test_admin_can_create_zone" time="0.627" /><testcase classname="backend.tests.test_p1_features.TestServiceZones" name="test_non_admin_cannot_create_zone" time="0.487" /><testcase classname="backend.tests.test_p1_features.TestServiceZones" name="test_point_in_polygon_check" time="1.043" /><testcase classname="backend.tests.test_p1_features.TestWhatsApp" name="test_inbound_webhook_records_message" time="0.131" /><testcase classname="backend.tests.test_p1_features.TestWhatsApp" name="test_only_admin_can_send_outbound" time="0.493" /><testcase classname="backend.tests.test_p1_features.TestWhatsApp" name="test_admin_can_send_outbound" time="0.507" /><testcase classname="backend.tests.test_p1_features.TestWhatsApp" name="test_admin_can_list_conversations" time="0.638" /><testcase classname="backend.tests.test_p1_features.TestAdminApprovals" name="test_pending_approvals_endpoint" time="0.567" /><testcase classname="backend.tests.test_p1_features.TestAdminApprovals" name="test_non_admin_blocked" time="0.498" /><testcase classname="backend.tests.test_p1_features.TestAdminApprovals" name="test_approve_missing_driver_returns_404" time="0.489" /></testsuite></testsuites>