<?xml version="1.0" encoding="utf-8"?><testsuites name="pytest tests"><testsuite name="pytest" errors="0" failures="0" skipped="0" tests="9" time="4.480" timestamp="2026-06-17T22:28:05.019438+00:00" hostname="agent-env-342c6482-28f2-4ac5-9cb8-c7f91dd42d9d"><testcase classname="backend.tests.test_profile_update" name="test_update_profile_picture_and_address" time="0.596" /><testcase classname="backend.tests.test_profile_update" name="test_update_profile_requires_auth" time="0.131" /><testcase classname="backend.tests.test_profile_update" name="test_update_profile_rejects_oversized_picture" time="0.895" /><testcase classname="backend.tests.test_profile_update" name="test_update_profile_partial_no_fields_is_noop" time="0.457" /><testcase classname="backend.tests.test_microsoft_social_login" name="test_login_url_unconfigured_returns_503" time="0.108" /><testcase classname="backend.tests.test_microsoft_social_login" name="test_login_url_missing_params_returns_422" time="0.102" /><testcase classname="backend.tests.test_microsoft_social_login" name="test_code_exchange_unconfigured_returns_503" time="0.112" /><testcase classname="backend.tests.test_microsoft_social_login" name="test_code_exchange_creates_user_and_mints_jwt" time="2.058" /><testcase classname="backend.tests.test_microsoft_social_login" name="test_login_url_builds_authorize_url_when_configured" time="0.001" /></testsuite></testsuites>