<?xml version="1.0" encoding="utf-8"?><testsuites name="pytest tests"><testsuite name="pytest" errors="0" failures="1" skipped="0" tests="13" time="4.072" timestamp="2026-06-23T21:28:28.135535+00:00" hostname="agent-env-342c6482-28f2-4ac5-9cb8-c7f91dd42d9d"><testcase classname="backend.tests.test_cod_caripay_removal_iter24.TestCariPayRemoval" name="test_wallet_link_gone" time="0.663" /><testcase classname="backend.tests.test_cod_caripay_removal_iter24.TestCariPayRemoval" name="test_wallet_deposit_gone" time="0.125" /><testcase classname="backend.tests.test_cod_caripay_removal_iter24.TestCariPayRemoval" name="test_wallet_withdraw_gone" time="0.105" /><testcase classname="backend.tests.test_cod_caripay_removal_iter24.TestCariPayRemoval" name="test_caripay_webhook_gone" time="0.123" /><testcase classname="backend.tests.test_cod_caripay_removal_iter24" name="test_taxi_rate_card_200" time="0.110" /><testcase classname="backend.tests.test_cod_caripay_removal_iter24.TestCODFlow" name="test_confirm_cod_sets_fields" time="0.549" /><testcase classname="backend.tests.test_cod_caripay_removal_iter24.TestCODFlow" name="test_confirm_cod_unauthenticated" time="0.122" /><testcase classname="backend.tests.test_cod_caripay_removal_iter24.TestCODFlow" name="test_confirm_cod_unknown_order" time="0.115" /><testcase classname="backend.tests.test_cod_caripay_removal_iter24.TestCODFlow" name="test_cod_order_can_progress_through_logistics" time="1.201"><failure message="AssertionError: Order status did not advance to 'delivered' after PUT calls returned 200. Got 'confirmed'. Last PUT result: ('delivered', 200, '&quot;delivered_at&quot;'). Likely cause: @api_router.put('/orders/{order_id}/status') decorator in server.py is attached to helper `_status_timestamp_field` (line ~2250) instead of `update_order_status` (line ~2381). The route returns the timestamp-field name as JSON without touching MongoDB.&#10;assert 'confirmed' == 'delivered'&#10;  &#10;  - delivered&#10;  + confirmed">E   AssertionError: Order status did not advance to 'delivered' after PUT calls returned 200. Got 'confirmed'. Last PUT result: ('delivered', 200, '"delivered_at"'). Likely cause: @api_router.put('/orders/{order_id}/status') decorator in server.py is attached to helper `_status_timestamp_field` (line ~2250) instead of `update_order_status` (line ~2381). The route returns the timestamp-field name as JSON without touching MongoDB.
    assert 'confirmed' == 'delivered'
      
      - delivered
      + confirmed</failure></testcase><testcase classname="backend.tests.test_cod_caripay_removal_iter24.TestAdminMailRegression" name="test_admin_mail_status" time="0.470" /><testcase classname="backend.tests.test_cod_caripay_removal_iter24.TestAdminMailRegression" name="test_admin_mail_status_unauthenticated" time="0.122" /><testcase classname="backend.tests.test_cod_caripay_removal_iter24.TestPublicPages" name="test_privacy_policy_route" time="0.115" /><testcase classname="backend.tests.test_cod_caripay_removal_iter24.TestPublicPages" name="test_terms_route" time="0.217" /></testsuite></testsuites>