<?xml version="1.0" encoding="utf-8"?><testsuites name="pytest tests"><testsuite name="pytest" errors="0" failures="0" skipped="0" tests="15" time="5.863" timestamp="2026-06-27T21:15:41.484544+00:00" hostname="agent-env-342c6482-28f2-4ac5-9cb8-c7f91dd42d9d"><testcase classname="backend.tests.test_iter27_storefront_coupons.TestStorefront" name="test_put_and_get_storefront_then_public" time="1.141" /><testcase classname="backend.tests.test_iter27_storefront_coupons.TestStorefront" name="test_bio_over_500_rejected" time="0.158" /><testcase classname="backend.tests.test_iter27_storefront_coupons.TestStorefront" name="test_gallery_over_6_rejected" time="0.142" /><testcase classname="backend.tests.test_iter27_storefront_coupons.TestCouponsCRUD" name="test_invalid_type_rejected" time="0.115" /><testcase classname="backend.tests.test_iter27_storefront_coupons.TestCouponsCRUD" name="test_percentage_over_100_rejected" time="0.134" /><testcase classname="backend.tests.test_iter27_storefront_coupons.TestCouponsCRUD" name="test_invalid_code_chars_rejected" time="0.155" /><testcase classname="backend.tests.test_iter27_storefront_coupons.TestCouponsCRUD" name="test_create_auto_code_when_blank" time="0.267" /><testcase classname="backend.tests.test_iter27_storefront_coupons.TestCouponsCRUD" name="test_list_toggle_delete" time="0.478" /><testcase classname="backend.tests.test_iter27_storefront_coupons.TestCouponsCRUD" name="test_duplicate_code_rejected" time="0.336" /><testcase classname="backend.tests.test_iter27_storefront_coupons.TestCouponAtCheckout" name="test_percentage_15_on_50" time="0.813" /><testcase classname="backend.tests.test_iter27_storefront_coupons.TestCouponAtCheckout" name="test_fixed_5" time="0.477" /><testcase classname="backend.tests.test_iter27_storefront_coupons.TestCouponAtCheckout" name="test_invalid_code_404" time="0.211" /><testcase classname="backend.tests.test_iter27_storefront_coupons.TestCouponAtCheckout" name="test_min_order_violation_400" time="0.470" /><testcase classname="backend.tests.test_iter27_storefront_coupons.TestCouponAtCheckout" name="test_usage_limit_exceeded_400" time="0.719" /><testcase classname="backend.tests.test_iter27_storefront_coupons.TestOrderFinancialsRegression" name="test_order_create_has_financial_fields" time="0.196" /></testsuite></testsuites>