<?xml version="1.0" encoding="utf-8"?><testsuites name="pytest tests"><testsuite name="pytest" errors="0" failures="0" skipped="0" tests="20" time="5.345" timestamp="2026-06-15T19:56:53.612591+00:00" hostname="agent-env-342c6482-28f2-4ac5-9cb8-c7f91dd42d9d"><testcase classname="tests.test_e2e_dryrun_iter12.TestPhase1Restaurant" name="test_create_restaurant" time="1.729" /><testcase classname="tests.test_e2e_dryrun_iter12.TestPhase1Restaurant" name="test_add_menu_items" time="0.227" /><testcase classname="tests.test_e2e_dryrun_iter12.TestPhase1Restaurant" name="test_approve_if_pending_and_menu_visible" time="0.107" /><testcase classname="tests.test_e2e_dryrun_iter12.TestPhase2Driver" name="test_upload_document" time="0.281" /><testcase classname="tests.test_e2e_dryrun_iter12.TestPhase2Driver" name="test_create_driver_application" time="0.115" /><testcase classname="tests.test_e2e_dryrun_iter12.TestPhase2Driver" name="test_pending_cannot_go_online" time="0.106" /><testcase classname="tests.test_e2e_dryrun_iter12.TestPhase2Driver" name="test_admin_approves_driver" time="0.372" /><testcase classname="tests.test_e2e_dryrun_iter12.TestPhase2Driver" name="test_driver_user_type_promoted" time="0.105" /><testcase classname="tests.test_e2e_dryrun_iter12.TestPhase2Driver" name="test_driver_can_go_online" time="0.102" /><testcase classname="tests.test_e2e_dryrun_iter12.TestPhase3Order" name="test_create_order" time="0.106" /><testcase classname="tests.test_e2e_dryrun_iter12.TestPhase3Order" name="test_create_checkout_session" time="0.578" /><testcase classname="tests.test_e2e_dryrun_iter12.TestPhase3Order" name="test_checkout_status_endpoint_returns" time="0.295" /><testcase classname="tests.test_e2e_dryrun_iter12.TestPhase4Delivery" name="test_assign_driver" time="0.296" /><testcase classname="tests.test_e2e_dryrun_iter12.TestPhase4Delivery" name="test_advance_order_status[confirmed]" time="0.111" /><testcase classname="tests.test_e2e_dryrun_iter12.TestPhase4Delivery" name="test_advance_order_status[preparing]" time="0.102" /><testcase classname="tests.test_e2e_dryrun_iter12.TestPhase4Delivery" name="test_advance_order_status[ready]" time="0.101" /><testcase classname="tests.test_e2e_dryrun_iter12.TestPhase4Delivery" name="test_advance_order_status[picked_up]" time="0.118" /><testcase classname="tests.test_e2e_dryrun_iter12.TestPhase4Delivery" name="test_upload_proof_of_delivery" time="0.108" /><testcase classname="tests.test_e2e_dryrun_iter12.TestPhase4Delivery" name="test_order_delivered" time="0.100" /><testcase classname="tests.test_e2e_dryrun_iter12.TestPhase4Delivery" name="test_driver_wallet_credited" time="0.244" /></testsuite></testsuites>