<?xml version="1.0" encoding="utf-8"?><testsuites name="pytest tests"><testsuite name="pytest" errors="0" failures="0" skipped="0" tests="5" time="2.932" timestamp="2026-06-23T15:40:21.245839+00:00" hostname="agent-env-342c6482-28f2-4ac5-9cb8-c7f91dd42d9d"><testcase classname="backend.tests.test_whatsapp_status_iter21" name="test_webhook_updates_known_message" time="0.782" /><testcase classname="backend.tests.test_whatsapp_status_iter21" name="test_send_then_webhook_updates_status" time="1.448" /><testcase classname="backend.tests.test_whatsapp_status_iter21" name="test_send_does_not_500" time="0.407" /><testcase classname="backend.tests.test_whatsapp_status_iter21" name="test_conversations_endpoint" time="0.132" /><testcase classname="backend.tests.test_whatsapp_status_iter21" name="test_webhook_unknown_sid_is_safe" time="0.128" /></testsuite></testsuites>