<?xml version="1.0" encoding="utf-8"?><testsuites name="pytest tests"><testsuite name="pytest" errors="0" failures="0" skipped="0" tests="27" time="7.959" timestamp="2026-05-14T21:22:08.050183+00:00" hostname="agent-env-beb3868b-d5f2-4eed-8f78-0dd1ba95d966"><testcase classname="backend.tests.test_islandhop_backend.TestHealth" name="test_root_alive" time="0.208" /><testcase classname="backend.tests.test_islandhop_backend.TestAuth" name="test_register_login_and_jwt_me" time="0.976" /><testcase classname="backend.tests.test_islandhop_backend.TestAuth" name="test_login_invalid_credentials" time="0.111" /><testcase classname="backend.tests.test_islandhop_backend.TestAuth" name="test_duplicate_register_400" time="0.460" /><testcase classname="backend.tests.test_islandhop_backend.TestScheduledOrders" name="test_401_without_auth" time="0.218" /><testcase classname="backend.tests.test_islandhop_backend.TestScheduledOrders" name="test_400_past_date" time="0.468" /><testcase classname="backend.tests.test_islandhop_backend.TestScheduledOrders" name="test_create_one_time_scheduled_order" time="0.212" /><testcase classname="backend.tests.test_islandhop_backend.TestScheduledOrders" name="test_recurring_weekly_creates_parent_and_child" time="0.564" /><testcase classname="backend.tests.test_islandhop_backend.TestScheduledOrders" name="test_cancel_scheduled_order" time="0.237" /><testcase classname="backend.tests.test_islandhop_backend.TestScheduledOrders" name="test_delete_unknown_scheduled_order_404" time="0.109" /><testcase classname="backend.tests.test_islandhop_backend.TestScheduledOrders" name="test_recurring_requires_pattern" time="0.112" /><testcase classname="backend.tests.test_islandhop_backend.TestAddresses" name="test_401_without_auth" time="0.101" /><testcase classname="backend.tests.test_islandhop_backend.TestAddresses" name="test_crud" time="0.581" /><testcase classname="backend.tests.test_islandhop_backend.TestPromoCodes" name="test_promo_lifecycle" time="0.479" /><testcase classname="backend.tests.test_islandhop_backend.TestPromoCodes" name="test_validate_unknown_404" time="0.125" /><testcase classname="backend.tests.test_islandhop_backend.TestSupportTickets" name="test_create_and_list" time="0.382" /><testcase classname="backend.tests.test_islandhop_backend.TestSearch" name="test_search_basic" time="0.108" /><testcase classname="backend.tests.test_islandhop_backend.TestAdmin" name="test_admin_stats" time="0.106" /><testcase classname="backend.tests.test_islandhop_backend.TestAdmin" name="test_kpi_dashboard" time="0.122" /><testcase classname="backend.tests.test_islandhop_backend.TestAdmin" name="test_financial_summary" time="0.115" /><testcase classname="backend.tests.test_islandhop_backend.TestDriver" name="test_driver_location_post_and_get" time="0.602" /><testcase classname="backend.tests.test_islandhop_backend.TestDriver" name="test_driver_wallet_get" time="0.106" /><testcase classname="backend.tests.test_islandhop_backend.TestVendorPayouts" name="test_vendor_payouts_get" time="0.470" /><testcase classname="backend.tests.test_islandhop_backend.TestRatings" name="test_vendor_ratings_get" time="0.114" /><testcase classname="backend.tests.test_islandhop_backend.TestRatings" name="test_driver_ratings_get" time="0.133" /><testcase classname="backend.tests.test_islandhop_backend.TestMenu" name="test_create_restaurant_and_menu" time="0.257" /><testcase classname="backend.tests.test_islandhop_backend.TestJwtFallbackAcrossRoutes" name="test_jwt_works_for_scheduled_addresses_promos_support" time="0.455" /></testsuite></testsuites>