<?xml version="1.0" encoding="utf-8"?><testsuites name="pytest tests"><testsuite name="pytest" errors="0" failures="0" skipped="0" tests="3" time="1.099" timestamp="2026-06-27T20:56:50.899479+00:00" hostname="agent-env-342c6482-28f2-4ac5-9cb8-c7f91dd42d9d"><testcase classname="backend.tests.test_iter26_smoke" name="test_taxi_rate_card_public" time="0.314" /><testcase classname="backend.tests.test_iter26_smoke" name="test_restaurants_public" time="0.154" /><testcase classname="backend.tests.test_iter26_smoke" name="test_admin_login_and_stats" time="0.611" /></testsuite></testsuites>