<?xml version="1.0" encoding="utf-8"?><testsuites name="pytest tests"><testsuite name="pytest" errors="0" failures="0" skipped="0" tests="20" time="6.663" timestamp="2026-05-19T12:17:02.586871+00:00" hostname="agent-env-beb3868b-d5f2-4eed-8f78-0dd1ba95d966"><testcase classname="backend.tests.test_reviews_incentives.TestCurrencyRates" name="test_default_base_usd" time="0.220" /><testcase classname="backend.tests.test_reviews_incentives.TestCurrencyRates" name="test_base_ttd" time="0.132" /><testcase classname="backend.tests.test_reviews_incentives.TestCurrencyRates" name="test_lowercase_base_is_normalized" time="0.285" /><testcase classname="backend.tests.test_reviews_incentives.TestCurrencyRates" name="test_invalid_base_400" time="0.155" /><testcase classname="backend.tests.test_reviews_incentives.TestWalletDefaultsTTD" name="test_new_user_has_usd_and_ttd_zero" time="0.602" /><testcase classname="backend.tests.test_reviews_incentives.TestRatingSubmission" name="test_unauth_401" time="1.359" /><testcase classname="backend.tests.test_reviews_incentives.TestRatingSubmission" name="test_not_owner_403" time="0.117" /><testcase classname="backend.tests.test_reviews_incentives.TestRatingSubmission" name="test_unknown_order_404" time="0.182" /><testcase classname="backend.tests.test_reviews_incentives.TestRatingSubmission" name="test_not_delivered_400" time="0.110" /><testcase classname="backend.tests.test_reviews_incentives.TestRatingSubmission" name="test_non_five_star_no_bonus" time="0.254" /><testcase classname="backend.tests.test_reviews_incentives.TestRatingSubmission" name="test_already_rated_400" time="0.273" /><testcase classname="backend.tests.test_reviews_incentives.TestFiveStarBonus" name="test_5star_credits_wallet_and_records_incentive" time="0.532" /><testcase classname="backend.tests.test_reviews_incentives.TestOrderRatingGet" name="test_rated_true_after_submission" time="0.113" /><testcase classname="backend.tests.test_reviews_incentives.TestOrderRatingGet" name="test_404_unknown_order" time="0.148" /><testcase classname="backend.tests.test_reviews_incentives.TestOrderRatingGet" name="test_403_non_owner" time="0.112" /><testcase classname="backend.tests.test_reviews_incentives.TestDriverIncentivesGet" name="test_unauth_401" time="0.120" /><testcase classname="backend.tests.test_reviews_incentives.TestDriverIncentivesGet" name="test_driver_can_view_self" time="0.122" /><testcase classname="backend.tests.test_reviews_incentives.TestDriverIncentivesGet" name="test_other_user_forbidden_403" time="0.173" /><testcase classname="backend.tests.test_reviews_incentives.TestWeeklyBonus" name="test_non_admin_forbidden" time="0.149" /><testcase classname="backend.tests.test_reviews_incentives.TestWeeklyBonus" name="test_admin_runs_and_is_idempotent" time="1.118" /></testsuite></testsuites>