<?xml version="1.0" encoding="utf-8"?><testsuites name="pytest tests"><testsuite name="pytest" errors="0" failures="0" skipped="0" tests="10" time="4.607" timestamp="2026-06-23T21:48:42.488955+00:00" hostname="agent-env-342c6482-28f2-4ac5-9cb8-c7f91dd42d9d"><testcase classname="backend.tests.test_cod_admin_profile_iter25.TestAdminUserProfile" name="test_profile_admin_ok" time="1.123" /><testcase classname="backend.tests.test_cod_admin_profile_iter25.TestAdminUserProfile" name="test_profile_nonadmin_403" time="0.119" /><testcase classname="backend.tests.test_cod_admin_profile_iter25.TestAdminUserProfile" name="test_profile_unknown_404" time="0.105" /><testcase classname="backend.tests.test_cod_admin_profile_iter25.TestAdminUserProfile" name="test_profile_stats_after_order" time="0.560" /><testcase classname="backend.tests.test_cod_admin_profile_iter25.TestCODCashFlow" name="test_cash_collected_as_admin" time="1.170" /><testcase classname="backend.tests.test_cod_admin_profile_iter25.TestCODCashFlow" name="test_cash_collected_unrelated_user_403" time="0.863" /><testcase classname="backend.tests.test_cod_admin_profile_iter25.TestCODCashFlow" name="test_cash_outstanding_requires_admin" time="0.115" /><testcase classname="backend.tests.test_cod_admin_profile_iter25.TestCODCashFlow" name="test_settle_cash_requires_admin" time="0.101" /><testcase classname="backend.tests.test_cod_admin_profile_iter25.TestCODCashFlow" name="test_settle_unknown_driver_404" time="0.115" /><testcase classname="backend.tests.test_cod_admin_profile_iter25.TestCODCashFlow" name="test_cash_collected_non_cod_400" time="0.227" /></testsuite></testsuites>