<?xml version="1.0" encoding="utf-8"?><testsuites name="pytest tests"><testsuite name="pytest" errors="0" failures="0" skipped="0" tests="21" time="5.410" timestamp="2026-05-14T21:21:57.207926+00:00" hostname="agent-env-beb3868b-d5f2-4eed-8f78-0dd1ba95d966"><testcase classname="backend.tests.test_payments.TestCreateOrderWithCommission" name="test_create_food_order_returns_commission_split" time="0.529" /><testcase classname="backend.tests.test_payments.TestCheckoutSession" name="test_401_without_auth" time="0.107" /><testcase classname="backend.tests.test_payments.TestCheckoutSession" name="test_404_unknown_order" time="0.107" /><testcase classname="backend.tests.test_payments.TestCheckoutSession" name="test_404_not_owned_order" time="0.561" /><testcase classname="backend.tests.test_payments.TestCheckoutSession" name="test_happy_path_returns_stripe_url" time="0.741" /><testcase classname="backend.tests.test_payments.TestCheckoutSession" name="test_400_when_already_paid" time="0.300" /><testcase classname="backend.tests.test_payments.TestCheckoutStatus" name="test_404_unknown_session" time="0.294" /><testcase classname="backend.tests.test_payments.TestCheckoutStatus" name="test_status_returns_fields_for_real_session" time="0.678" /><testcase classname="backend.tests.test_payments.TestStripeWebhook" name="test_canonical_unsigned_returns_400" time="0.111" /><testcase classname="backend.tests.test_payments.TestStripeWebhook" name="test_canonical_invalid_signature_returns_400" time="0.129" /><testcase classname="backend.tests.test_payments.TestStripeWebhook" name="test_legacy_alias_unsigned_returns_400" time="0.111" /><testcase classname="backend.tests.test_payments.TestVendorConnect" name="test_status_401_without_auth" time="0.112" /><testcase classname="backend.tests.test_payments.TestVendorConnect" name="test_status_no_vendor_profile_for_brand_new_customer" time="0.114" /><testcase classname="backend.tests.test_payments.TestVendorConnect" name="test_onboarding_404_when_no_vendor_profile" time="0.151" /><testcase classname="backend.tests.test_payments.TestVendorConnect" name="test_onboarding_401_without_auth" time="0.196" /><testcase classname="backend.tests.test_payments.TestRefunds" name="test_401_without_auth" time="0.114" /><testcase classname="backend.tests.test_payments.TestRefunds" name="test_404_unknown_order" time="0.113" /><testcase classname="backend.tests.test_payments.TestRefunds" name="test_400_when_order_not_paid" time="0.218" /><testcase classname="backend.tests.test_payments.TestDriverPayouts" name="test_401_without_auth" time="0.105" /><testcase classname="backend.tests.test_payments.TestDriverPayouts" name="test_404_unknown_driver" time="0.117" /><testcase classname="backend.tests.test_payments.TestDriverPayouts" name="test_400_when_low_balance_or_no_connect" time="0.463" /></testsuite></testsuites>