<?xml version="1.0" encoding="utf-8"?><testsuites name="pytest tests"><testsuite name="pytest" errors="0" failures="0" skipped="0" tests="7" time="6.521" timestamp="2026-06-15T20:32:59.873059+00:00" hostname="agent-env-342c6482-28f2-4ac5-9cb8-c7f91dd42d9d"><testcase classname="backend.tests.test_admin_team" name="test_owner_can_login" time="0.527" /><testcase classname="backend.tests.test_admin_team" name="test_public_register_cannot_self_assign_admin" time="0.355" /><testcase classname="backend.tests.test_admin_team" name="test_promote_and_revoke_agent" time="1.154" /><testcase classname="backend.tests.test_admin_team" name="test_cannot_revoke_owner" time="0.561" /><testcase classname="backend.tests.test_admin_team" name="test_non_admin_cannot_access_team" time="0.480" /><testcase classname="backend.tests.test_admin_team" name="test_invite_and_accept_flow" time="1.744" /><testcase classname="backend.tests.test_admin_team" name="test_change_password" time="1.684" /></testsuite></testsuites>