<?xml version="1.0" encoding="utf-8"?><testsuites name="pytest tests"><testsuite name="pytest" errors="0" failures="0" skipped="0" tests="10" time="7.051" timestamp="2026-06-19T13:56:43.552090+00:00" hostname="agent-env-342c6482-28f2-4ac5-9cb8-c7f91dd42d9d"><testcase classname="backend.tests.test_mail_autoreply_workflow" name="test_mail_status_connected" time="1.008" /><testcase classname="backend.tests.test_mail_autoreply_workflow" name="test_autoreply_settings_get" time="0.112" /><testcase classname="backend.tests.test_mail_autoreply_workflow" name="test_autoreply_settings_put_template" time="0.247" /><testcase classname="backend.tests.test_mail_autoreply_workflow" name="test_autoreply_toggle_off_on" time="0.207" /><testcase classname="backend.tests.test_mail_autoreply_workflow" name="test_autoreply_run_returns_zero_with_watermark" time="3.099" /><testcase classname="backend.tests.test_mail_autoreply_workflow" name="test_team_list" time="0.108" /><testcase classname="backend.tests.test_mail_autoreply_workflow" name="test_messages_have_ticket_field" time="0.434" /><testcase classname="backend.tests.test_mail_autoreply_workflow" name="test_assign_to_owner" time="1.104" /><testcase classname="backend.tests.test_mail_autoreply_workflow" name="test_assign_unassign" time="0.122" /><testcase classname="backend.tests.test_mail_autoreply_workflow" name="test_resolve" time="0.578" /></testsuite></testsuites>