<?xml version="1.0" encoding="utf-8"?><testsuites name="pytest tests"><testsuite name="pytest" errors="0" failures="0" skipped="0" tests="7" time="7.195" timestamp="2026-06-15T19:31:58.260586+00:00" hostname="agent-env-342c6482-28f2-4ac5-9cb8-c7f91dd42d9d"><testcase classname="backend.tests.test_identity_kyc_review" name="test_identity_start_requires_application" time="0.742" /><testcase classname="backend.tests.test_identity_kyc_review" name="test_identity_start_after_application_returns_stripe_url" time="1.088" /><testcase classname="backend.tests.test_identity_kyc_review" name="test_identity_status_requires_auth" time="0.213" /><testcase classname="backend.tests.test_identity_kyc_review" name="test_identity_status_reconcile_incomplete" time="1.130" /><testcase classname="backend.tests.test_identity_kyc_review" name="test_driver_remains_pending_after_identity_started" time="1.103" /><testcase classname="backend.tests.test_identity_kyc_review" name="test_admin_fallback_approval_still_works" time="1.552" /><testcase classname="backend.tests.test_identity_kyc_review" name="test_admin_pending_approvals_includes_identity_verification" time="1.330" /></testsuite></testsuites>