<?xml version="1.0" encoding="utf-8"?><testsuites name="pytest tests"><testsuite name="pytest" errors="0" failures="0" skipped="0" tests="9" time="4.110" timestamp="2026-06-14T03:03:37.551338+00:00" hostname="agent-env-342c6482-28f2-4ac5-9cb8-c7f91dd42d9d"><testcase classname="backend.tests.test_mercury_and_google_auth.TestMercuryStatus" name="test_status_as_admin" time="1.131" /><testcase classname="backend.tests.test_mercury_and_google_auth.TestMercuryStatus" name="test_status_as_customer_forbidden" time="0.457" /><testcase classname="backend.tests.test_mercury_and_google_auth.TestMercuryStatus" name="test_status_no_auth" time="0.126" /><testcase classname="backend.tests.test_mercury_and_google_auth.TestMercuryAccounts" name="test_accounts_as_admin" time="0.281" /><testcase classname="backend.tests.test_mercury_and_google_auth.TestMercuryAccounts" name="test_accounts_as_customer_forbidden" time="0.107" /><testcase classname="backend.tests.test_mercury_and_google_auth.TestMercuryReconciliation" name="test_reconciliation_as_admin" time="1.571" /><testcase classname="backend.tests.test_mercury_and_google_auth.TestMercuryReconciliation" name="test_reconciliation_as_customer_forbidden" time="0.102" /><testcase classname="backend.tests.test_mercury_and_google_auth.TestGoogleSocialAuth" name="test_invalid_session_id_returns_401_not_500" time="0.204" /><testcase classname="backend.tests.test_mercury_and_google_auth.TestGoogleSocialAuth" name="test_missing_session_id_does_not_500" time="0.102" /></testsuite></testsuites>