<?xml version="1.0" encoding="utf-8"?><testsuites name="pytest tests"><testsuite name="pytest" errors="0" failures="0" skipped="0" tests="3" time="3.724" timestamp="2026-06-15T18:41:58.448895+00:00" hostname="agent-env-342c6482-28f2-4ac5-9cb8-c7f91dd42d9d"><testcase classname="tests.test_driver_onboarding_kyc" name="test_driver_kyc_full_flow" time="3.163" /><testcase classname="tests.test_driver_onboarding_kyc" name="test_upload_rejects_invalid_doc_type" time="0.445" /><testcase classname="tests.test_driver_onboarding_kyc" name="test_document_upload_requires_auth" time="0.101" /></testsuite></testsuites>