<?xml version="1.0" encoding="utf-8"?><testsuites name="pytest tests"><testsuite name="pytest" errors="0" failures="2" skipped="0" tests="27" time="7.763" timestamp="2026-05-14T20:31:30.280628+00:00" hostname="agent-env-beb3868b-d5f2-4eed-8f78-0dd1ba95d966"><testcase classname="backend.tests.test_islandhop_backend.TestHealth" name="test_root_alive" time="0.156" /><testcase classname="backend.tests.test_islandhop_backend.TestAuth" name="test_register_login_and_jwt_me" time="0.917" /><testcase classname="backend.tests.test_islandhop_backend.TestAuth" name="test_login_invalid_credentials" time="0.109" /><testcase classname="backend.tests.test_islandhop_backend.TestAuth" name="test_duplicate_register_400" time="0.444" /><testcase classname="backend.tests.test_islandhop_backend.TestScheduledOrders" name="test_401_without_auth" time="0.257" /><testcase classname="backend.tests.test_islandhop_backend.TestScheduledOrders" name="test_400_past_date" time="0.482" /><testcase classname="backend.tests.test_islandhop_backend.TestScheduledOrders" name="test_create_one_time_scheduled_order" time="0.227" /><testcase classname="backend.tests.test_islandhop_backend.TestScheduledOrders" name="test_recurring_weekly_creates_parent_and_child" time="0.637" /><testcase classname="backend.tests.test_islandhop_backend.TestScheduledOrders" name="test_cancel_scheduled_order" time="0.220" /><testcase classname="backend.tests.test_islandhop_backend.TestScheduledOrders" name="test_delete_unknown_scheduled_order_404" time="0.107" /><testcase classname="backend.tests.test_islandhop_backend.TestScheduledOrders" name="test_recurring_requires_pattern" time="0.114" /><testcase classname="backend.tests.test_islandhop_backend.TestAddresses" name="test_401_without_auth" time="0.123" /><testcase classname="backend.tests.test_islandhop_backend.TestAddresses" name="test_crud" time="0.460"><failure message="assert 404 == 200&#10; +  where 404 = &lt;Response [404]&gt;.status_code">backend/tests/test_islandhop_backend.py:241: in test_crud
    assert sd.status_code == 200
E   assert 404 == 200
E    +  where 404 = &lt;Response [404]&gt;.status_code</failure></testcase><testcase classname="backend.tests.test_islandhop_backend.TestPromoCodes" name="test_promo_lifecycle" time="0.343"><failure message="AssertionError: Internal Server Error&#10;assert 500 == 200&#10; +  where 500 = &lt;Response [500]&gt;.status_code">backend/tests/test_islandhop_backend.py:274: in test_promo_lifecycle
    assert val.status_code == 200, val.text
E   AssertionError: Internal Server Error
E   assert 500 == 200
E    +  where 500 = &lt;Response [500]&gt;.status_code</failure></testcase><testcase classname="backend.tests.test_islandhop_backend.TestPromoCodes" name="test_validate_unknown_404" time="0.129" /><testcase classname="backend.tests.test_islandhop_backend.TestSupportTickets" name="test_create_and_list" time="0.366" /><testcase classname="backend.tests.test_islandhop_backend.TestSearch" name="test_search_basic" time="0.134" /><testcase classname="backend.tests.test_islandhop_backend.TestAdmin" name="test_admin_stats" time="0.147" /><testcase classname="backend.tests.test_islandhop_backend.TestAdmin" name="test_kpi_dashboard" time="0.108" /><testcase classname="backend.tests.test_islandhop_backend.TestAdmin" name="test_financial_summary" time="0.132" /><testcase classname="backend.tests.test_islandhop_backend.TestDriver" name="test_driver_location_post_and_get" time="0.606" /><testcase classname="backend.tests.test_islandhop_backend.TestDriver" name="test_driver_wallet_get" time="0.125" /><testcase classname="backend.tests.test_islandhop_backend.TestVendorPayouts" name="test_vendor_payouts_get" time="0.464" /><testcase classname="backend.tests.test_islandhop_backend.TestRatings" name="test_vendor_ratings_get" time="0.104" /><testcase classname="backend.tests.test_islandhop_backend.TestRatings" name="test_driver_ratings_get" time="0.106" /><testcase classname="backend.tests.test_islandhop_backend.TestMenu" name="test_create_restaurant_and_menu" time="0.209" /><testcase classname="backend.tests.test_islandhop_backend.TestJwtFallbackAcrossRoutes" name="test_jwt_works_for_scheduled_addresses_promos_support" time="0.485" /></testsuite></testsuites>