<?xml version="1.0" encoding="utf-8"?><testsuites name="pytest tests"><testsuite name="pytest" errors="0" failures="6" skipped="0" tests="27" time="37.524" timestamp="2026-05-14T20:27:06.193048+00:00" hostname="agent-env-beb3868b-d5f2-4eed-8f78-0dd1ba95d966"><testcase classname="backend.tests.test_islandhop_backend.TestHealth" name="test_root_alive" time="0.146" /><testcase classname="backend.tests.test_islandhop_backend.TestAuth" name="test_register_login_and_jwt_me" time="0.987" /><testcase classname="backend.tests.test_islandhop_backend.TestAuth" name="test_login_invalid_credentials" time="0.112" /><testcase classname="backend.tests.test_islandhop_backend.TestAuth" name="test_duplicate_register_400" time="0.471" /><testcase classname="backend.tests.test_islandhop_backend.TestScheduledOrders" name="test_401_without_auth" time="0.264" /><testcase classname="backend.tests.test_islandhop_backend.TestScheduledOrders" name="test_400_past_date" time="0.451" /><testcase classname="backend.tests.test_islandhop_backend.TestScheduledOrders" name="test_create_one_time_scheduled_order" time="0.245" /><testcase classname="backend.tests.test_islandhop_backend.TestScheduledOrders" name="test_recurring_weekly_creates_parent_and_child" time="0.634" /><testcase classname="backend.tests.test_islandhop_backend.TestScheduledOrders" name="test_cancel_scheduled_order" time="0.239" /><testcase classname="backend.tests.test_islandhop_backend.TestScheduledOrders" name="test_delete_unknown_scheduled_order_404" time="0.132" /><testcase classname="backend.tests.test_islandhop_backend.TestScheduledOrders" name="test_recurring_requires_pattern" time="0.115" /><testcase classname="backend.tests.test_islandhop_backend.TestAddresses" name="test_401_without_auth" time="0.125" /><testcase classname="backend.tests.test_islandhop_backend.TestAddresses" name="test_crud" time="0.245"><failure message="assert 500 == 200&#10; +  where 500 = &lt;Response [500]&gt;.status_code">E   assert 500 == 200
     +  where 500 = &lt;Response [500]&gt;.status_code</failure></testcase><testcase classname="backend.tests.test_islandhop_backend.TestPromoCodes" name="test_promo_lifecycle" time="0.224"><failure message="assert 500 == 200&#10; +  where 500 = &lt;Response [500]&gt;.status_code">E   assert 500 == 200
     +  where 500 = &lt;Response [500]&gt;.status_code</failure></testcase><testcase classname="backend.tests.test_islandhop_backend.TestPromoCodes" name="test_validate_unknown_404" time="0.126" /><testcase classname="backend.tests.test_islandhop_backend.TestSupportTickets" name="test_create_and_list" time="0.251"><failure message="assert 500 == 200&#10; +  where 500 = &lt;Response [500]&gt;.status_code">E   assert 500 == 200
     +  where 500 = &lt;Response [500]&gt;.status_code</failure></testcase><testcase classname="backend.tests.test_islandhop_backend.TestSearch" name="test_search_basic" time="0.127" /><testcase classname="backend.tests.test_islandhop_backend.TestAdmin" name="test_admin_stats" time="0.127" /><testcase classname="backend.tests.test_islandhop_backend.TestAdmin" name="test_kpi_dashboard" time="30.170" /><testcase classname="backend.tests.test_islandhop_backend.TestAdmin" name="test_financial_summary" time="0.147" /><testcase classname="backend.tests.test_islandhop_backend.TestDriver" name="test_driver_location_post_and_get" time="0.612" /><testcase classname="backend.tests.test_islandhop_backend.TestDriver" name="test_driver_wallet_get" time="0.136"><failure message="AssertionError: Internal Server Error&#10;assert 500 in (200, 404)&#10; +  where 500 = &lt;Response [500]&gt;.status_code">E   AssertionError: Internal Server Error
    assert 500 in (200, 404)
     +  where 500 = &lt;Response [500]&gt;.status_code</failure></testcase><testcase classname="backend.tests.test_islandhop_backend.TestVendorPayouts" name="test_vendor_payouts_get" time="0.473" /><testcase classname="backend.tests.test_islandhop_backend.TestRatings" name="test_vendor_ratings_get" time="0.122" /><testcase classname="backend.tests.test_islandhop_backend.TestRatings" name="test_driver_ratings_get" time="0.120" /><testcase classname="backend.tests.test_islandhop_backend.TestMenu" name="test_create_restaurant_and_menu" time="0.242"><failure message="assert 500 == 200&#10; +  where 500 = &lt;Response [500]&gt;.status_code">E   assert 500 == 200
     +  where 500 = &lt;Response [500]&gt;.status_code</failure></testcase><testcase classname="backend.tests.test_islandhop_backend.TestJwtFallbackAcrossRoutes" name="test_jwt_works_for_scheduled_addresses_promos_support" time="0.416"><failure message="AssertionError: JWT Bearer failed on https://realtime-logistics-15.preview.emergentagent.com/api/addresses: 500 Internal Server Error&#10;assert 500 == 200&#10; +  where 500 = &lt;Response [500]&gt;.status_code">E   AssertionError: JWT Bearer failed on https://realtime-logistics-15.preview.emergentagent.com/api/addresses: 500 Internal Server Error
    assert 500 == 200
     +  where 500 = &lt;Response [500]&gt;.status_code</failure></testcase></testsuite></testsuites>