<?xml version="1.0" encoding="utf-8"?><testsuites name="pytest tests"><testsuite name="pytest" errors="0" failures="0" skipped="0" tests="48" time="15.741" timestamp="2026-05-15T20:08:05.158865+00:00" hostname="agent-env-beb3868b-d5f2-4eed-8f78-0dd1ba95d966"><testcase classname="tests.test_islandhop_backend.TestHealth" name="test_root_alive" time="0.198" /><testcase classname="tests.test_islandhop_backend.TestAuth" name="test_register_login_and_jwt_me" time="1.199" /><testcase classname="tests.test_islandhop_backend.TestAuth" name="test_login_invalid_credentials" time="0.209" /><testcase classname="tests.test_islandhop_backend.TestAuth" name="test_duplicate_register_400" time="0.590" /><testcase classname="tests.test_islandhop_backend.TestScheduledOrders" name="test_401_without_auth" time="0.407" /><testcase classname="tests.test_islandhop_backend.TestScheduledOrders" name="test_400_past_date" time="0.618" /><testcase classname="tests.test_islandhop_backend.TestScheduledOrders" name="test_create_one_time_scheduled_order" time="0.360" /><testcase classname="tests.test_islandhop_backend.TestScheduledOrders" name="test_recurring_weekly_creates_parent_and_child" time="0.919" /><testcase classname="tests.test_islandhop_backend.TestScheduledOrders" name="test_cancel_scheduled_order" time="0.359" /><testcase classname="tests.test_islandhop_backend.TestScheduledOrders" name="test_delete_unknown_scheduled_order_404" time="0.172" /><testcase classname="tests.test_islandhop_backend.TestScheduledOrders" name="test_recurring_requires_pattern" time="0.202" /><testcase classname="tests.test_islandhop_backend.TestAddresses" name="test_401_without_auth" time="0.186" /><testcase classname="tests.test_islandhop_backend.TestAddresses" name="test_crud" time="0.908" /><testcase classname="tests.test_islandhop_backend.TestPromoCodes" name="test_promo_lifecycle" time="0.722" /><testcase classname="tests.test_islandhop_backend.TestPromoCodes" name="test_validate_unknown_404" time="0.201" /><testcase classname="tests.test_islandhop_backend.TestSupportTickets" name="test_create_and_list" time="0.537" /><testcase classname="tests.test_islandhop_backend.TestSearch" name="test_search_basic" time="0.184" /><testcase classname="tests.test_islandhop_backend.TestAdmin" name="test_admin_stats" time="0.173" /><testcase classname="tests.test_islandhop_backend.TestAdmin" name="test_kpi_dashboard" time="0.195" /><testcase classname="tests.test_islandhop_backend.TestAdmin" name="test_financial_summary" time="0.166" /><testcase classname="tests.test_islandhop_backend.TestDriver" name="test_driver_location_post_and_get" time="0.720" /><testcase classname="tests.test_islandhop_backend.TestDriver" name="test_driver_wallet_get" time="0.125" /><testcase classname="tests.test_islandhop_backend.TestVendorPayouts" name="test_vendor_payouts_get" time="0.665" /><testcase classname="tests.test_islandhop_backend.TestRatings" name="test_vendor_ratings_get" time="0.146" /><testcase classname="tests.test_islandhop_backend.TestRatings" name="test_driver_ratings_get" time="0.146" /><testcase classname="tests.test_islandhop_backend.TestMenu" name="test_create_restaurant_and_menu" time="0.228" /><testcase classname="tests.test_islandhop_backend.TestJwtFallbackAcrossRoutes" name="test_jwt_works_for_scheduled_addresses_promos_support" time="0.525" /><testcase classname="tests.test_payments.TestCreateOrderWithCommission" name="test_create_food_order_returns_commission_split" time="0.113" /><testcase classname="tests.test_payments.TestCheckoutSession" name="test_401_without_auth" time="0.148" /><testcase classname="tests.test_payments.TestCheckoutSession" name="test_404_unknown_order" time="0.113" /><testcase classname="tests.test_payments.TestCheckoutSession" name="test_404_not_owned_order" time="0.250" /><testcase classname="tests.test_payments.TestCheckoutSession" name="test_happy_path_returns_stripe_url" time="0.791" /><testcase classname="tests.test_payments.TestCheckoutSession" name="test_400_when_already_paid" time="0.348" /><testcase classname="tests.test_payments.TestCheckoutStatus" name="test_404_unknown_session" time="0.322" /><testcase classname="tests.test_payments.TestCheckoutStatus" name="test_status_returns_fields_for_real_session" time="0.710" /><testcase classname="tests.test_payments.TestStripeWebhook" name="test_canonical_unsigned_returns_400" time="0.132" /><testcase classname="tests.test_payments.TestStripeWebhook" name="test_canonical_invalid_signature_returns_400" time="0.128" /><testcase classname="tests.test_payments.TestStripeWebhook" name="test_legacy_alias_unsigned_returns_400" time="0.131" /><testcase classname="tests.test_payments.TestVendorConnect" name="test_status_401_without_auth" time="0.109" /><testcase classname="tests.test_payments.TestVendorConnect" name="test_status_no_vendor_profile_for_brand_new_customer" time="0.107" /><testcase classname="tests.test_payments.TestVendorConnect" name="test_onboarding_404_when_no_vendor_profile" time="0.137" /><testcase classname="tests.test_payments.TestVendorConnect" name="test_onboarding_401_without_auth" time="0.132" /><testcase classname="tests.test_payments.TestRefunds" name="test_401_without_auth" time="0.164" /><testcase classname="tests.test_payments.TestRefunds" name="test_404_unknown_order" time="0.125" /><testcase classname="tests.test_payments.TestRefunds" name="test_400_when_order_not_paid" time="0.271" /><testcase classname="tests.test_payments.TestDriverPayouts" name="test_401_without_auth" time="0.150" /><testcase classname="tests.test_payments.TestDriverPayouts" name="test_404_unknown_driver" time="0.138" /><testcase classname="tests.test_payments.TestDriverPayouts" name="test_400_when_low_balance_or_no_connect" time="0.113" /></testsuite></testsuites>