<?xml version="1.0" encoding="utf-8"?><testsuites name="pytest tests"><testsuite name="pytest" errors="0" failures="0" skipped="0" tests="8" time="1.504" timestamp="2026-06-27T23:04:10.649068+00:00" hostname="agent-env-342c6482-28f2-4ac5-9cb8-c7f91dd42d9d"><testcase classname="backend.tests.test_featured_and_ads_iter30.TestFeaturedRanking" name="test_restaurants_includes_featured_and_tier_fields" time="0.643" /><testcase classname="backend.tests.test_featured_and_ads_iter30.TestFeaturedRanking" name="test_featured_first_sorting" time="0.051" /><testcase classname="backend.tests.test_featured_and_ads_iter30.TestAdPackagesAndActiveFeed" name="test_packages" time="0.046" /><testcase classname="backend.tests.test_featured_and_ads_iter30.TestAdPackagesAndActiveFeed" name="test_active_feed_homepage_sample_exists" time="0.046" /><testcase classname="backend.tests.test_featured_and_ads_iter30.TestAdPackagesAndActiveFeed" name="test_click_endpoint_increments" time="0.151" /><testcase classname="backend.tests.test_featured_and_ads_iter30.TestMerchantAdCRUD" name="test_create_list_toggle_delete" time="0.375" /><testcase classname="backend.tests.test_featured_and_ads_iter30.TestMerchantAdCRUD" name="test_invalid_package_rejected" time="0.057" /><testcase classname="backend.tests.test_featured_and_ads_iter30.TestMerchantAdCRUD" name="test_unauthenticated_create_rejected" time="0.116" /></testsuite></testsuites>