<?xml version="1.0" encoding="utf-8"?><testsuites name="pytest tests"><testsuite name="pytest" errors="0" failures="0" skipped="0" tests="32" time="18.635" timestamp="2026-05-15T20:24:21.597339+00:00" hostname="agent-env-beb3868b-d5f2-4eed-8f78-0dd1ba95d966"><testcase classname="backend.tests.test_wallet_requests_refunds.TestRequestMoneyCreate" name="test_create_unauth_401" time="0.342" /><testcase classname="backend.tests.test_wallet_requests_refunds.TestRequestMoneyCreate" name="test_create_amount_too_low" time="1.488" /><testcase classname="backend.tests.test_wallet_requests_refunds.TestRequestMoneyCreate" name="test_create_amount_too_high" time="0.196" /><testcase classname="backend.tests.test_wallet_requests_refunds.TestRequestMoneyCreate" name="test_create_unsupported_currency" time="0.189" /><testcase classname="backend.tests.test_wallet_requests_refunds.TestRequestMoneyCreate" name="test_create_unknown_payer_404" time="0.193" /><testcase classname="backend.tests.test_wallet_requests_refunds.TestRequestMoneyCreate" name="test_create_self_request_400" time="0.190" /><testcase classname="backend.tests.test_wallet_requests_refunds.TestRequestMoneyCreate" name="test_create_success_returns_pending" time="0.225" /><testcase classname="backend.tests.test_wallet_requests_refunds.TestRequestMoneyList" name="test_list_unauth_401" time="0.193" /><testcase classname="backend.tests.test_wallet_requests_refunds.TestRequestMoneyList" name="test_list_shows_outgoing_for_requester" time="0.376" /><testcase classname="backend.tests.test_wallet_requests_refunds.TestRequestMoneyList" name="test_list_shows_incoming_for_payer" time="0.195" /><testcase classname="backend.tests.test_wallet_requests_refunds.TestRequestApprove" name="test_approve_unauth_401" time="0.367" /><testcase classname="backend.tests.test_wallet_requests_refunds.TestRequestApprove" name="test_approve_unknown_id_404" time="0.180" /><testcase classname="backend.tests.test_wallet_requests_refunds.TestRequestApprove" name="test_approve_by_non_payer_403" time="0.830" /><testcase classname="backend.tests.test_wallet_requests_refunds.TestRequestApprove" name="test_approve_by_requester_403" time="0.371" /><testcase classname="backend.tests.test_wallet_requests_refunds.TestRequestApprove" name="test_approve_success_transfers_funds" time="1.680" /><testcase classname="backend.tests.test_wallet_requests_refunds.TestRequestApprove" name="test_double_approve_400" time="0.592" /><testcase classname="backend.tests.test_wallet_requests_refunds.TestRequestApprove" name="test_approve_insufficient_balance_400" time="1.001" /><testcase classname="backend.tests.test_wallet_requests_refunds.TestRequestDecline" name="test_decline_unauth_401" time="0.181" /><testcase classname="backend.tests.test_wallet_requests_refunds.TestRequestDecline" name="test_decline_unknown_id_404" time="0.197" /><testcase classname="backend.tests.test_wallet_requests_refunds.TestRequestDecline" name="test_decline_by_non_payer_403" time="0.393" /><testcase classname="backend.tests.test_wallet_requests_refunds.TestRequestDecline" name="test_decline_success" time="1.048" /><testcase classname="backend.tests.test_wallet_requests_refunds.TestRequestCancel" name="test_cancel_unauth_401" time="0.184" /><testcase classname="backend.tests.test_wallet_requests_refunds.TestRequestCancel" name="test_cancel_unknown_id_404" time="0.248" /><testcase classname="backend.tests.test_wallet_requests_refunds.TestRequestCancel" name="test_cancel_by_payer_403" time="0.440" /><testcase classname="backend.tests.test_wallet_requests_refunds.TestRequestCancel" name="test_cancel_success" time="0.535" /><testcase classname="backend.tests.test_wallet_requests_refunds.TestRequestCancel" name="test_cannot_approve_cancelled" time="0.551" /><testcase classname="backend.tests.test_wallet_requests_refunds.TestRefundToWallet" name="test_full_refund_credits_wallet" time="2.071" /><testcase classname="backend.tests.test_wallet_requests_refunds.TestRefundToWallet" name="test_partial_refund_partial_status" time="1.120" /><testcase classname="backend.tests.test_wallet_requests_refunds.TestRefundToWallet" name="test_refund_invalid_amount_400" time="0.738" /><testcase classname="backend.tests.test_wallet_requests_refunds.TestRefundToWallet" name="test_refund_unauth_other_user_403" time="1.040" /><testcase classname="backend.tests.test_wallet_requests_refunds.TestAmountRounding" name="test_deposit_rounds_to_two_decimals" time="1.200" /><testcase classname="backend.tests.test_wallet_requests_refunds.TestDriverDeliveryCredit" name="test_silent_skip_documented" time="0.001" /></testsuite></testsuites>