<?xml version="1.0" encoding="utf-8"?><testsuites name="pytest tests"><testsuite name="pytest" errors="0" failures="1" skipped="0" tests="5" time="1.993" timestamp="2026-07-29T19:35:09.913334+00:00" hostname="agent-env-342c6482-28f2-4ac5-9cb8-c7f91dd42d9d"><testcase classname="backend.tests.test_currency_ttd" name="test_storefront_returns_raw_ttd" time="0.364" /><testcase classname="backend.tests.test_currency_ttd" name="test_food_order_conversion" time="0.751" /><testcase classname="backend.tests.test_currency_ttd" name="test_taxi_order_not_converted" time="0.502" /><testcase classname="backend.tests.test_currency_ttd" name="test_search_featured_sorts_test_names_last" time="0.129"><failure message="AssertionError: test-named business at idx 13 before last real at 14: ['Roti Palace', 'Bake &amp; Shark Hut', 'Island Health Pharmacy', 'Caribbean Spice Kitchen', 'Island Grill House', 'Caribbean Wellness', 'Doubles Express', 'Misspelled Diner', 'Fresh Market Express', 'Rome Diner', 'Roti Shack', 'MedPlus Pharmacy', 'Chip Diner', 'Notify Test Diner', 'CarePoint Drugs']&#10;assert 13 &gt; 14">backend/tests/test_currency_ttd.py:123: in test_search_featured_sorts_test_names_last
    assert first_test_idx &gt; last_real_idx, f"test-named business at idx {first_test_idx} before last real at {last_real_idx}: {names}"
E   AssertionError: test-named business at idx 13 before last real at 14: ['Roti Palace', 'Bake &amp; Shark Hut', 'Island Health Pharmacy', 'Caribbean Spice Kitchen', 'Island Grill House', 'Caribbean Wellness', 'Doubles Express', 'Misspelled Diner', 'Fresh Market Express', 'Rome Diner', 'Roti Shack', 'MedPlus Pharmacy', 'Chip Diner', 'Notify Test Diner', 'CarePoint Drugs']
E   assert 13 &gt; 14</failure></testcase><testcase classname="backend.tests.test_currency_ttd" name="test_search_diner_sorts_test_last" time="0.214" /></testsuite></testsuites>