<?xml version="1.0" encoding="utf-8"?><testsuites name="pytest tests"><testsuite name="pytest" errors="0" failures="0" skipped="0" tests="36" time="14.405" timestamp="2026-05-15T20:07:45.782589+00:00" hostname="agent-env-beb3868b-d5f2-4eed-8f78-0dd1ba95d966"><testcase classname="tests.test_wallet.TestGetWallet" name="test_401_without_auth" time="0.272" /><testcase classname="tests.test_wallet.TestGetWallet" name="test_auto_create_wallet_default_state" time="0.629" /><testcase classname="tests.test_wallet.TestGetWallet" name="test_idempotent_get" time="0.366" /><testcase classname="tests.test_wallet.TestGetTransactions" name="test_401_without_auth" time="0.173" /><testcase classname="tests.test_wallet.TestGetTransactions" name="test_returns_list_initially_empty" time="0.259" /><testcase classname="tests.test_wallet.TestLink" name="test_401_without_auth" time="0.175" /><testcase classname="tests.test_wallet.TestLink" name="test_empty_handle_400" time="0.170" /><testcase classname="tests.test_wallet.TestLink" name="test_link_persists_handle" time="0.357" /><testcase classname="tests.test_wallet.TestLink" name="test_unlink_clears_handle" time="1.143" /><testcase classname="tests.test_wallet.TestDeposit" name="test_401_without_auth" time="0.175" /><testcase classname="tests.test_wallet.TestDeposit" name="test_requires_linked_caripay" time="0.602" /><testcase classname="tests.test_wallet.TestDeposit" name="test_amount_too_low" time="0.171" /><testcase classname="tests.test_wallet.TestDeposit" name="test_amount_too_high" time="0.166" /><testcase classname="tests.test_wallet.TestDeposit" name="test_unknown_currency_400" time="0.183" /><testcase classname="tests.test_wallet.TestDeposit" name="test_deposit_usd_credits_balance_and_records_txn" time="0.739" /><testcase classname="tests.test_wallet.TestDeposit" name="test_deposit_other_supported_currencies[JMD]" time="0.183" /><testcase classname="tests.test_wallet.TestDeposit" name="test_deposit_other_supported_currencies[TTD]" time="0.193" /><testcase classname="tests.test_wallet.TestDeposit" name="test_deposit_other_supported_currencies[BBD]" time="0.191" /><testcase classname="tests.test_wallet.TestDeposit" name="test_deposit_other_supported_currencies[GHS]" time="0.168" /><testcase classname="tests.test_wallet.TestDeposit" name="test_deposit_other_supported_currencies[NGN]" time="0.196" /><testcase classname="tests.test_wallet.TestDeposit" name="test_deposit_other_supported_currencies[ZAR]" time="0.187" /><testcase classname="tests.test_wallet.TestWithdraw" name="test_401_without_auth" time="0.168" /><testcase classname="tests.test_wallet.TestWithdraw" name="test_requires_link" time="0.586" /><testcase classname="tests.test_wallet.TestWithdraw" name="test_insufficient_balance_does_not_debit" time="0.601" /><testcase classname="tests.test_wallet.TestWithdraw" name="test_successful_withdraw_debits_and_records" time="0.540" /><testcase classname="tests.test_wallet.TestP2PSend" name="test_401_without_auth" time="0.164" /><testcase classname="tests.test_wallet.TestP2PSend" name="test_recipient_not_found" time="0.174" /><testcase classname="tests.test_wallet.TestP2PSend" name="test_self_send_400" time="0.176" /><testcase classname="tests.test_wallet.TestP2PSend" name="test_insufficient_balance_no_debit" time="0.946" /><testcase classname="tests.test_wallet.TestP2PSend" name="test_successful_p2p" time="0.907" /><testcase classname="tests.test_wallet.TestPayOrder" name="test_unknown_order_404" time="0.182" /><testcase classname="tests.test_wallet.TestPayOrder" name="test_insufficient_balance" time="0.334" /><testcase classname="tests.test_wallet.TestPayOrder" name="test_pay_then_double_pay" time="1.037" /><testcase classname="tests.test_wallet.TestCariPayWebhook" name="test_invalid_json_400" time="0.182" /><testcase classname="tests.test_wallet.TestCariPayWebhook" name="test_unknown_handle_ignored" time="0.184" /><testcase classname="tests.test_wallet.TestCariPayWebhook" name="test_webhook_credits_and_is_idempotent" time="1.458" /></testsuite></testsuites>