<?xml version="1.0" encoding="utf-8"?><testsuites name="pytest tests"><testsuite name="pytest" errors="0" failures="0" skipped="0" tests="10" time="3.542" timestamp="2026-06-20T01:25:54.682092+00:00" hostname="agent-env-342c6482-28f2-4ac5-9cb8-c7f91dd42d9d"><testcase classname="backend.tests.test_wallet_funding_workflow.TestPaymentMethods" name="test_add_paypal_method" time="0.685" /><testcase classname="backend.tests.test_wallet_funding_workflow.TestPaymentMethods" name="test_add_bank_method_and_list" time="0.212" /><testcase classname="backend.tests.test_wallet_funding_workflow.TestPaymentMethods" name="test_add_bank_method_missing_account_number" time="0.111" /><testcase classname="backend.tests.test_wallet_funding_workflow.TestPaymentMethods" name="test_delete_method" time="0.388" /><testcase classname="backend.tests.test_wallet_funding_workflow.TestFundingRequests" name="test_over_withdraw_blocked_at_request" time="0.163" /><testcase classname="backend.tests.test_wallet_funding_workflow.TestFundingRequests" name="test_invalid_method_rejected" time="0.104" /><testcase classname="backend.tests.test_wallet_funding_workflow.TestFundingRequests" name="test_create_deposit_request_appears_in_user_list" time="0.262" /><testcase classname="backend.tests.test_wallet_funding_workflow.TestAdminApprovalFlow" name="test_full_deposit_then_withdraw_cycle" time="1.137" /><testcase classname="backend.tests.test_wallet_funding_workflow.TestAdminApprovalFlow" name="test_admin_reject_flow" time="0.333" /><testcase classname="backend.tests.test_wallet_funding_workflow.TestAdminApprovalFlow" name="test_admin_endpoints_require_admin" time="0.106" /></testsuite></testsuites>