<?xml version="1.0" encoding="utf-8"?><testsuites name="pytest tests"><testsuite name="pytest" errors="0" failures="0" skipped="0" tests="6" time="1.814" timestamp="2026-07-26T08:56:18.413518+00:00" hostname="agent-env-342c6482-28f2-4ac5-9cb8-c7f91dd42d9d"><testcase classname="backend.tests.test_roles_and_bulk_provision" name="test_provision_all_merchants_admin" time="0.571" /><testcase classname="backend.tests.test_roles_and_bulk_provision" name="test_provision_all_merchants_requires_admin" time="0.448" /><testcase classname="backend.tests.test_roles_and_bulk_provision" name="test_available_roles_dual" time="0.105" /><testcase classname="backend.tests.test_roles_and_bulk_provision" name="test_switch_role_and_back" time="0.337" /><testcase classname="backend.tests.test_roles_and_bulk_provision" name="test_switch_role_invalid_denied" time="0.138" /><testcase classname="backend.tests.test_roles_and_bulk_provision" name="test_available_roles_admin_empty" time="0.190" /></testsuite></testsuites>