<?xml version="1.0" encoding="utf-8"?><testsuites name="pytest tests"><testsuite name="pytest" errors="0" failures="0" skipped="0" tests="14" time="4.995" timestamp="2026-07-24T22:38:34.499379+00:00" hostname="agent-env-342c6482-28f2-4ac5-9cb8-c7f91dd42d9d"><testcase classname="backend.tests.test_split_cart_iter45.TestSplitCartOrderCreate" name="test_orders_carry_cart_group_id" time="0.916" /><testcase classname="backend.tests.test_split_cart_iter45.TestSplitCartOrderCreate" name="test_orders_persisted_via_get" time="0.107" /><testcase classname="backend.tests.test_split_cart_iter45.TestCheckoutSessionMulti" name="test_requires_auth" time="0.108" /><testcase classname="backend.tests.test_split_cart_iter45.TestCheckoutSessionMulti" name="test_rejects_empty_order_ids" time="0.104" /><testcase classname="backend.tests.test_split_cart_iter45.TestCheckoutSessionMulti" name="test_cannot_pay_for_another_users_orders" time="0.457" /><testcase classname="backend.tests.test_split_cart_iter45.TestCheckoutSessionMulti" name="test_returns_stripe_url_and_order_ids" time="0.728" /><testcase classname="backend.tests.test_split_cart_iter45.TestConfirmCodMulti" name="test_requires_auth" time="0.101" /><testcase classname="backend.tests.test_split_cart_iter45.TestConfirmCodMulti" name="test_other_user_cannot_confirm_others_orders" time="0.106" /><testcase classname="backend.tests.test_split_cart_iter45.TestConfirmCodMulti" name="test_confirms_all_and_persists" time="0.907" /><testcase classname="backend.tests.test_split_cart_iter45.TestMerchantWeeklyPayout" name="test_requires_auth" time="0.098" /><testcase classname="backend.tests.test_split_cart_iter45.TestMerchantWeeklyPayout" name="test_customer_gets_404" time="0.108" /><testcase classname="backend.tests.test_split_cart_iter45.TestMerchantWeeklyPayout" name="test_restaurant_owner_gets_summary" time="0.901" /><testcase classname="backend.tests.test_split_cart_iter45.TestSeededVendorsExist" name="test_public_storefront_reachable[b0ca2f1d-d696-4e77-a606-f82b44c5d817]" time="0.113" /><testcase classname="backend.tests.test_split_cart_iter45.TestSeededVendorsExist" name="test_public_storefront_reachable[b12146bb-4e6c-4eac-86fe-e7732ca616c9]" time="0.202" /></testsuite></testsuites>